#! /usr/bin/vvp
:ivl_version "10.3 (stable)";
:ivl_delay_selection "TYPICAL";
:vpi_time_precision - 12;
:vpi_module "system";
:vpi_module "vhdl_sys";
:vpi_module "v2005_math";
:vpi_module "va_math";
S_0x5634648554c0 .scope module, "SOC_tb" "SOC_tb" 2 25;
 .timescale -9 -12;
P_0x5634648881e0 .param/l "ADDR_WIDTH" 1 2 34, +C4<00000000000000000000000000000110>;
P_0x563464888220 .param/l "DATA_WIDTH" 0 2 28, +C4<00000000000000000000000000100000>;
P_0x563464888260 .param/l "MEM_DEPTH" 0 2 29, +C4<00000000000000000000000001000000>;
o0x7f388fa7fbc8 .functor BUFZ 6, C4<zzzzzz>; HiZ drive
v0x5634648aca20_0 .net "addr", 5 0, o0x7f388fa7fbc8;  0 drivers
v0x5634648acb00_0 .var "clk", 0 0;
o0x7f388fa7fbf8 .functor BUFZ 32, C4<zzzzzzzzzzzzzzzzzzzzzzzzzzzzzzzz>; HiZ drive
v0x5634648acbc0_0 .net "data", 31 0, o0x7f388fa7fbf8;  0 drivers
o0x7f388fa7fc28 .functor BUFZ 1, C4<z>; HiZ drive
v0x5634648acc60_0 .net "req_valid", 0 0, o0x7f388fa7fc28;  0 drivers
v0x5634648acd20_0 .var "reset", 0 0;
o0x7f388fa7fc58 .functor BUFZ 1, C4<z>; HiZ drive
v0x5634648ace10_0 .net "valid_data", 0 0, o0x7f388fa7fc58;  0 drivers
o0x7f388fa7fc88 .functor BUFZ 1, C4<z>; HiZ drive
v0x5634648aced0_0 .net "we", 0 0, o0x7f388fa7fc88;  0 drivers
S_0x563464883a70 .scope module, "dut" "SOC" 2 42, 3 9 0, S_0x5634648554c0;
 .timescale 0 0;
    .port_info 0 /INPUT 1 "clk"
    .port_info 1 /INPUT 1 "reset"
P_0x5634648882b0 .param/l "ADDR_WIDTH" 1 3 18, +C4<00000000000000000000000000000110>;
P_0x5634648882f0 .param/l "DATA_WIDTH" 0 3 9, +C4<00000000000000000000000000100000>;
P_0x563464888330 .param/l "MEM_DEPTH" 0 3 9, +C4<00000000000000000000000001000000>;
v0x5634648ac400_0 .net "addr", 5 0, L_0x5634648bf720;  1 drivers
v0x5634648ac4e0_0 .net "clk", 0 0, v0x5634648acb00_0;  1 drivers
RS_0x7f388fa7d018 .resolv tri, L_0x5634648bf510, v0x563464887dc0_0;
v0x5634648ac580_0 .net8 "data", 31 0, RS_0x7f388fa7d018;  2 drivers
v0x5634648ac670_0 .net "req_valid", 0 0, L_0x5634648bf680;  1 drivers
v0x5634648ac760_0 .net "reset", 0 0, v0x5634648acd20_0;  1 drivers
v0x5634648ac850_0 .net "valid_data", 0 0, L_0x5634648bf910;  1 drivers
v0x5634648ac8f0_0 .net "we", 0 0, L_0x5634648bf610;  1 drivers
L_0x5634648bf720 .part L_0x5634648bf4a0, 0, 6;
S_0x563464852560 .scope module, "Mem" "Mem_top" 3 32, 4 5 0, S_0x563464883a70;
 .timescale 0 0;
    .port_info 0 /INPUT 6 "addr"
    .port_info 1 /INPUT 1 "req_valid"
    .port_info 2 /INPUT 1 "WE"
    .port_info 3 /INPUT 1 "clk"
    .port_info 4 /INPUT 1 "reset"
    .port_info 5 /INOUT 32 "Data"
    .port_info 6 /OUTPUT 1 "data_valid"
P_0x56346486d810 .param/l "ADDR_WIDTH" 1 4 12, +C4<00000000000000000000000000000110>;
P_0x56346486d850 .param/l "DATA_WIDTH" 0 4 5, +C4<00000000000000000000000000100000>;
P_0x56346486d890 .param/l "MEM_DEPTH" 0 4 5, +C4<00000000000000000000000001000000>;
L_0x5634648bf910 .functor BUFZ 1, v0x56346489de00_0, C4<0>, C4<0>, C4<0>;
v0x56346486eb60_0 .net8 "Data", 31 0, RS_0x7f388fa7d018;  alias, 2 drivers
v0x56346486f030 .array "Mem", 63 0, 31 0;
v0x56346486f0d0_0 .net "WE", 0 0, L_0x5634648bf610;  alias, 1 drivers
v0x56346486fea0_0 .net "addr", 5 0, L_0x5634648bf720;  alias, 1 drivers
v0x5634648815a0_0 .net "clk", 0 0, v0x5634648acb00_0;  alias, 1 drivers
v0x563464887dc0_0 .var "data_reg", 31 0;
v0x563464887e60_0 .net "data_valid", 0 0, L_0x5634648bf910;  alias, 1 drivers
v0x56346489de00_0 .var "data_valid_reg", 0 0;
v0x56346489dec0_0 .var/i "i", 31 0;
v0x56346489dfa0_0 .net "req_valid", 0 0, L_0x5634648bf680;  alias, 1 drivers
v0x56346489e060_0 .net "reset", 0 0, v0x5634648acd20_0;  alias, 1 drivers
E_0x5634647fbb20 .event posedge, v0x56346489e060_0, v0x5634648815a0_0;
S_0x56346489e200 .scope module, "core1" "cpu_top" 3 22, 5 17 0, S_0x563464883a70;
 .timescale 0 0;
    .port_info 0 /OUTPUT 32 "Addr"
    .port_info 1 /INOUT 32 "Data"
    .port_info 2 /OUTPUT 1 "we"
    .port_info 3 /OUTPUT 1 "req_valid"
    .port_info 4 /INPUT 1 "clk"
    .port_info 5 /INPUT 1 "reset"
    .port_info 6 /INPUT 1 "data_valid"
P_0x563464884a10 .param/l "DATA_WIDTH" 0 5 17, +C4<00000000000000000000000000100000>;
P_0x563464884a50 .param/l "MEM_DEPTH" 0 5 17, +C4<00000000000000000000000001000000>;
L_0x5634648bf4a0 .functor BUFZ 32, L_0x5634648ad050, C4<00000000000000000000000000000000>, C4<00000000000000000000000000000000>, C4<00000000000000000000000000000000>;
o0x7f388fa7e638 .functor BUFZ 32, C4<zzzzzzzzzzzzzzzzzzzzzzzzzzzzzzzz>; HiZ drive
L_0x5634648bf510 .functor BUFZ 32, o0x7f388fa7e638, C4<00000000000000000000000000000000>, C4<00000000000000000000000000000000>, C4<00000000000000000000000000000000>;
L_0x5634648bf610 .functor BUFZ 1, v0x5634648aa5c0_0, C4<0>, C4<0>, C4<0>;
L_0x5634648bf680 .functor BUFZ 1, v0x5634648aa290_0, C4<0>, C4<0>, C4<0>;
v0x5634648aa7a0_0 .net "Addr", 31 0, L_0x5634648bf4a0;  1 drivers
v0x5634648aa8a0_0 .net8 "Data", 31 0, RS_0x7f388fa7d018;  alias, 2 drivers
v0x5634648aa990_0 .net "Execution_Result_wire", 31 0, L_0x5634648be170;  1 drivers
o0x7f388fa7e338 .functor BUFZ 1, C4<z>; HiZ drive
v0x5634648aaa60_0 .net "Result_Valid_wire", 0 0, o0x7f388fa7e338;  0 drivers
v0x5634648aab00_0 .net "Result_valid_wire", 0 0, v0x5634648a82c0_0;  1 drivers
v0x5634648aabf0_0 .net "Wr_En_wire", 0 0, v0x5634648a3180_0;  1 drivers
v0x5634648aace0_0 .net "WrtBck_Addr_wire", 4 0, v0x5634648a3220_0;  1 drivers
v0x5634648aadd0_0 .net "WrtBck_data_wire", 31 0, v0x5634648a32f0_0;  1 drivers
L_0x7f388fa34018 .functor BUFT 1, C4<00000000000000000000000000000>, C4<0>, C4<0>, C4<0>;
v0x5634648aaec0_0 .net *"_s3", 28 0, L_0x7f388fa34018;  1 drivers
v0x5634648aaf80_0 .net "addr_wire", 31 0, L_0x5634648ad050;  1 drivers
v0x5634648ab060_0 .net "clk", 0 0, v0x5634648acb00_0;  alias, 1 drivers
v0x5634648ab100_0 .net "data_src1_valid", 0 0, L_0x5634648bef10;  1 drivers
v0x5634648ab1a0_0 .net "data_src1_wire", 31 0, L_0x5634648bebb0;  1 drivers
v0x5634648ab240_0 .net "data_src2_valid", 0 0, L_0x5634648befb0;  1 drivers
v0x5634648ab2e0_0 .net "data_src2_wire", 31 0, L_0x5634648bece0;  1 drivers
v0x5634648ab410_0 .net "data_valid", 0 0, L_0x5634648bf910;  alias, 1 drivers
v0x5634648ab4b0_0 .net "data_wire", 31 0, o0x7f388fa7e638;  0 drivers
v0x5634648ab680_0 .net "decoder_stall_wire", 0 0, L_0x5634648bda00;  1 drivers
v0x5634648ab720_0 .net "funct3_wire", 2 0, L_0x5634648879d0;  1 drivers
v0x5634648ab7c0_0 .net "funct7_wire", 6 0, L_0x563464887be0;  1 drivers
v0x5634648ab880_0 .net "immediate_wire", 20 0, v0x5634648a3f60_0;  1 drivers
v0x5634648ab940_0 .net "instruction_type_wire", 6 0, L_0x5634647c84c0;  1 drivers
v0x5634648aba00_0 .net "rd_valid_wire", 0 0, L_0x5634648bd900;  1 drivers
v0x5634648abaa0_0 .net "rd_wire", 4 0, L_0x5634648bd670;  1 drivers
v0x5634648abb60_0 .net "req_valid", 0 0, L_0x5634648bf680;  alias, 1 drivers
v0x5634648abc00_0 .net "req_valid_wire", 0 0, v0x5634648aa290_0;  1 drivers
v0x5634648abca0_0 .net "reset", 0 0, v0x5634648acd20_0;  alias, 1 drivers
v0x5634648abd40_0 .net "rs1_valid_wire", 0 0, v0x5634648a4a20_0;  1 drivers
v0x5634648abde0_0 .net "rs1_wire", 4 0, v0x5634648a4890_0;  1 drivers
v0x5634648abed0_0 .net "rs2_valid_wire", 0 0, v0x5634648a4d40_0;  1 drivers
v0x5634648abfc0_0 .net "rs2_wire", 4 0, v0x5634648a4bb0_0;  1 drivers
v0x5634648ac0b0_0 .net "source_not_ready_wire", 0 0, L_0x5634648bf260;  1 drivers
L_0x7f388fa341c8 .functor BUFT 1, C4<0>, C4<0>, C4<0>, C4<0>;
v0x5634648ac150_0 .net "system_stall_wire", 0 0, L_0x7f388fa341c8;  1 drivers
v0x5634648ac240_0 .net "we", 0 0, L_0x5634648bf610;  alias, 1 drivers
v0x5634648ac2e0_0 .net "we_wire", 0 0, v0x5634648aa5c0_0;  1 drivers
L_0x5634648ad050 .concat [ 3 29 0 0], v0x5634648a9890_0, L_0x7f388fa34018;
S_0x56346489e4d0 .scope module, "ArchRegistersInt_inst" "ArchRegistersInt" 5 136, 6 19 0, S_0x56346489e200;
 .timescale 0 0;
    .port_info 0 /INPUT 1 "clk"
    .port_info 1 /INPUT 1 "reset"
    .port_info 2 /INPUT 5 "addr_p0"
    .port_info 3 /INPUT 1 "re_p0"
    .port_info 4 /OUTPUT 32 "dout_p0"
    .port_info 5 /OUTPUT 1 "v_p0"
    .port_info 6 /INPUT 5 "addr_p1"
    .port_info 7 /INPUT 1 "re_p1"
    .port_info 8 /OUTPUT 32 "dout_p1"
    .port_info 9 /OUTPUT 1 "v_p1"
    .port_info 10 /INPUT 5 "addr_p2"
    .port_info 11 /INPUT 1 "we_p2"
    .port_info 12 /INPUT 32 "din_p2"
    .port_info 13 /INPUT 1 "we_pi"
    .port_info 14 /INPUT 5 "addr_pi"
    .port_info 15 /OUTPUT 1 "source_not_ready"
L_0x5634648be310 .functor AND 1, L_0x5634648be1e0, v0x5634648a4a20_0, C4<1>, C4<1>;
L_0x5634648be440 .functor AND 1, L_0x5634648be310, v0x5634648a3180_0, C4<1>, C4<1>;
L_0x5634648be670 .functor AND 1, L_0x5634648be4b0, v0x5634648a4d40_0, C4<1>, C4<1>;
L_0x5634648be7a0 .functor AND 1, L_0x5634648be670, v0x5634648a3180_0, C4<1>, C4<1>;
L_0x5634648beb40 .functor OR 1, L_0x5634648be440, L_0x5634648be7a0, C4<0>, C4<0>;
L_0x5634648bf140 .functor XOR 1, v0x5634648a4a20_0, L_0x5634648bef10, C4<0>, C4<0>;
L_0x5634648bf1f0 .functor XOR 1, v0x5634648a4d40_0, L_0x5634648befb0, C4<0>, C4<0>;
L_0x5634648bf260 .functor OR 1, L_0x5634648bf140, L_0x5634648bf1f0, C4<0>, C4<0>;
v0x56346489e870_0 .net "ReadP0Conflict", 0 0, L_0x5634648be440;  1 drivers
v0x56346489e950_0 .net "ReadP1Conflict", 0 0, L_0x5634648be7a0;  1 drivers
v0x56346489ea10_0 .net "ReadWriteConflict", 0 0, L_0x5634648beb40;  1 drivers
v0x56346489eab0_0 .var "V_array", 31 0;
v0x56346489eb90_0 .net *"_s0", 0 0, L_0x5634648be1e0;  1 drivers
L_0x7f388fa340a8 .functor BUFT 1, C4<0>, C4<0>, C4<0>, C4<0>;
v0x56346489eca0_0 .net/2u *"_s12", 0 0, L_0x7f388fa340a8;  1 drivers
L_0x7f388fa340f0 .functor BUFT 1, C4<0>, C4<0>, C4<0>, C4<0>;
v0x56346489ed80_0 .net/2u *"_s16", 0 0, L_0x7f388fa340f0;  1 drivers
v0x56346489ee60_0 .net *"_s2", 0 0, L_0x5634648be310;  1 drivers
L_0x7f388fa34138 .functor BUFT 1, C4<1>, C4<0>, C4<0>, C4<0>;
v0x56346489ef40_0 .net/2u *"_s26", 0 0, L_0x7f388fa34138;  1 drivers
L_0x7f388fa34180 .functor BUFT 1, C4<1>, C4<0>, C4<0>, C4<0>;
v0x56346489f0b0_0 .net/2u *"_s30", 0 0, L_0x7f388fa34180;  1 drivers
v0x56346489f190_0 .net *"_s34", 0 0, L_0x5634648bf140;  1 drivers
v0x56346489f270_0 .net *"_s36", 0 0, L_0x5634648bf1f0;  1 drivers
v0x56346489f350_0 .net *"_s6", 0 0, L_0x5634648be4b0;  1 drivers
v0x56346489f410_0 .net *"_s8", 0 0, L_0x5634648be670;  1 drivers
v0x56346489f4f0_0 .var "a0", 31 0;
v0x56346489f5d0_0 .var "a1", 31 0;
v0x56346489f6b0_0 .var "a2", 31 0;
v0x56346489f790_0 .var "a3", 31 0;
v0x56346489f870_0 .var "a4", 31 0;
v0x56346489f950_0 .var "a5", 31 0;
v0x56346489fa30_0 .var "a6", 31 0;
v0x56346489fb10_0 .var "a7", 31 0;
v0x56346489fbf0_0 .net "addr_p0", 4 0, v0x5634648a4890_0;  alias, 1 drivers
v0x56346489fcd0_0 .net "addr_p1", 4 0, v0x5634648a4bb0_0;  alias, 1 drivers
v0x56346489fdb0_0 .net "addr_p2", 4 0, v0x5634648a3220_0;  alias, 1 drivers
v0x56346489fe90_0 .net "addr_pi", 4 0, L_0x5634648bd670;  alias, 1 drivers
v0x56346489ff70_0 .net "clk", 0 0, v0x5634648acb00_0;  alias, 1 drivers
v0x5634648a0010_0 .net "din_p2", 31 0, v0x5634648a32f0_0;  alias, 1 drivers
v0x5634648a00d0_0 .net "dout_p0", 31 0, L_0x5634648bebb0;  alias, 1 drivers
v0x5634648a01b0_0 .var "dout_p0_reg", 31 0;
v0x5634648a0290_0 .net "dout_p1", 31 0, L_0x5634648bece0;  alias, 1 drivers
v0x5634648a0370_0 .var "dout_p1_reg", 31 0;
v0x5634648a0450_0 .var "gp", 31 0;
v0x5634648a0740_0 .var "ra", 31 0;
v0x5634648a0820_0 .net "re_p0", 0 0, v0x5634648a4a20_0;  alias, 1 drivers
v0x5634648a08e0_0 .net "re_p0_reg", 0 0, L_0x5634648be900;  1 drivers
v0x5634648a09a0_0 .net "re_p1", 0 0, v0x5634648a4d40_0;  alias, 1 drivers
v0x5634648a0a60_0 .net "re_p1_reg", 0 0, L_0x5634648be9d0;  1 drivers
v0x5634648a0b20_0 .net "reset", 0 0, v0x5634648acd20_0;  alias, 1 drivers
v0x5634648a0bc0_0 .var "s0", 31 0;
v0x5634648a0c80_0 .var "s1", 31 0;
v0x5634648a0d60_0 .var "s10", 31 0;
v0x5634648a0e40_0 .var "s11", 31 0;
v0x5634648a0f20_0 .var "s2", 31 0;
v0x5634648a1000_0 .var "s3", 31 0;
v0x5634648a10e0_0 .var "s4", 31 0;
v0x5634648a11c0_0 .var "s5", 31 0;
v0x5634648a12a0_0 .var "s6", 31 0;
v0x5634648a1380_0 .var "s7", 31 0;
v0x5634648a1460_0 .var "s8", 31 0;
v0x5634648a1540_0 .var "s9", 31 0;
v0x5634648a1620_0 .net "source_not_ready", 0 0, L_0x5634648bf260;  alias, 1 drivers
v0x5634648a16e0_0 .var "sp", 31 0;
v0x5634648a17c0_0 .var "t0", 31 0;
v0x5634648a18a0_0 .var "t1", 31 0;
v0x5634648a1980_0 .var "t2", 31 0;
v0x5634648a1a60_0 .var "t3", 31 0;
v0x5634648a1b40_0 .var "t4", 31 0;
v0x5634648a1c20_0 .var "t5", 31 0;
v0x5634648a1d00_0 .var "t6", 31 0;
v0x5634648a1de0_0 .var "tp", 31 0;
v0x5634648a1ec0_0 .net "v_p0", 0 0, L_0x5634648bef10;  alias, 1 drivers
v0x5634648a1f80_0 .var "v_p0_reg", 0 0;
v0x5634648a2040_0 .net "v_p1", 0 0, L_0x5634648befb0;  alias, 1 drivers
v0x5634648a2100_0 .var "v_p1_reg", 0 0;
v0x5634648a25d0_0 .net "we_p2", 0 0, v0x5634648a3180_0;  alias, 1 drivers
v0x5634648a2690_0 .net "we_pi", 0 0, L_0x5634648bd900;  alias, 1 drivers
v0x5634648a2750_0 .var "zero", 31 0;
E_0x563464888a50 .event posedge, v0x5634648815a0_0;
L_0x5634648be1e0 .cmp/eq 5, v0x5634648a4890_0, v0x5634648a3220_0;
L_0x5634648be4b0 .cmp/eq 5, v0x5634648a4bb0_0, v0x5634648a3220_0;
L_0x5634648be900 .functor MUXZ 1, v0x5634648a4a20_0, L_0x7f388fa340a8, L_0x5634648be440, C4<>;
L_0x5634648be9d0 .functor MUXZ 1, v0x5634648a4d40_0, L_0x7f388fa340f0, L_0x5634648be7a0, C4<>;
L_0x5634648bebb0 .functor MUXZ 32, v0x5634648a01b0_0, v0x5634648a32f0_0, L_0x5634648be440, C4<>;
L_0x5634648bece0 .functor MUXZ 32, v0x5634648a0370_0, v0x5634648a32f0_0, L_0x5634648be7a0, C4<>;
L_0x5634648bef10 .functor MUXZ 1, v0x5634648a1f80_0, L_0x7f388fa34138, L_0x5634648be440, C4<>;
L_0x5634648befb0 .functor MUXZ 1, v0x5634648a2100_0, L_0x7f388fa34180, L_0x5634648be7a0, C4<>;
S_0x5634648a2a30 .scope module, "WriteBack_inst" "WriteBack" 5 119, 7 12 0, S_0x56346489e200;
 .timescale 0 0;
    .port_info 0 /INPUT 5 "Rd_decode"
    .port_info 1 /INPUT 32 "Execution_Result"
    .port_info 2 /INPUT 1 "Result_Valid"
    .port_info 3 /INPUT 1 "clk"
    .port_info 4 /INPUT 1 "reset"
    .port_info 5 /OUTPUT 5 "WrtBck_Addr"
    .port_info 6 /OUTPUT 32 "WrtBck_Data"
    .port_info 7 /OUTPUT 1 "Wr_En"
v0x5634648a2cf0_0 .net "Execution_Result", 31 0, L_0x5634648be170;  alias, 1 drivers
v0x5634648a2dd0_0 .net "Rd_decode", 4 0, L_0x5634648bd670;  alias, 1 drivers
v0x5634648a2ec0_0 .var "Rd_wb_exe01", 4 0;
v0x5634648a2f90_0 .var "Rd_wb_exe02", 4 0;
v0x5634648a3070_0 .net "Result_Valid", 0 0, o0x7f388fa7e338;  alias, 0 drivers
v0x5634648a3180_0 .var "Wr_En", 0 0;
v0x5634648a3220_0 .var "WrtBck_Addr", 4 0;
v0x5634648a32f0_0 .var "WrtBck_Data", 31 0;
v0x5634648a33c0_0 .net "clk", 0 0, v0x5634648acb00_0;  alias, 1 drivers
v0x5634648a3460_0 .net "reset", 0 0, v0x5634648acd20_0;  alias, 1 drivers
S_0x5634648a3680 .scope module, "decoder_inst" "decoder" 5 77, 8 13 0, S_0x56346489e200;
 .timescale 0 0;
    .port_info 0 /INPUT 32 "instruction"
    .port_info 1 /INPUT 1 "clk"
    .port_info 2 /INPUT 1 "reset"
    .port_info 3 /INPUT 1 "system_stall"
    .port_info 4 /OUTPUT 5 "rs1"
    .port_info 5 /OUTPUT 5 "rs2"
    .port_info 6 /OUTPUT 5 "rd"
    .port_info 7 /OUTPUT 1 "rs1_valid"
    .port_info 8 /OUTPUT 1 "rs2_valid"
    .port_info 9 /OUTPUT 1 "rd_valid"
    .port_info 10 /OUTPUT 7 "instruction_type"
    .port_info 11 /OUTPUT 3 "funct3"
    .port_info 12 /OUTPUT 7 "funct7"
    .port_info 13 /OUTPUT 21 "immediate"
    .port_info 14 /OUTPUT 1 "decoder_stall"
L_0x5634647c84c0 .functor BUFZ 7, v0x5634648a4370_0, C4<0000000>, C4<0000000>, C4<0000000>;
L_0x5634648879d0 .functor BUFZ 3, v0x5634648a3b90_0, C4<000>, C4<000>, C4<000>;
L_0x563464887be0 .functor BUFZ 7, v0x5634648a3da0_0, C4<0000000>, C4<0000000>, C4<0000000>;
L_0x5634648bd670 .functor BUFZ 5, v0x5634648a4510_0, C4<00000>, C4<00000>, C4<00000>;
L_0x5634648bd900 .functor BUFZ 1, v0x5634648a4690_0, C4<0>, C4<0>, C4<0>;
L_0x5634648bda00 .functor BUFZ 1, L_0x7f388fa341c8, C4<0>, C4<0>, C4<0>;
v0x5634648a3970_0 .net "clk", 0 0, v0x5634648acb00_0;  alias, 1 drivers
v0x5634648a3a10_0 .net "decoder_stall", 0 0, L_0x5634648bda00;  alias, 1 drivers
v0x5634648a3ad0_0 .net "funct3", 2 0, L_0x5634648879d0;  alias, 1 drivers
v0x5634648a3b90_0 .var "funct3_reg", 2 0;
v0x5634648a3c70_0 .net "funct7", 6 0, L_0x563464887be0;  alias, 1 drivers
v0x5634648a3da0_0 .var "funct7_reg", 6 0;
v0x5634648a3e80_0 .net "immediate", 20 0, v0x5634648a3f60_0;  alias, 1 drivers
v0x5634648a3f60_0 .var "immediate_reg", 20 0;
v0x5634648a4040_0 .net "instruction", 31 0, o0x7f388fa7e638;  alias, 0 drivers
v0x5634648a41b0_0 .net "instruction_opcode", 6 0, L_0x5634648bd1a0;  1 drivers
v0x5634648a4290_0 .net "instruction_type", 6 0, L_0x5634647c84c0;  alias, 1 drivers
v0x5634648a4370_0 .var "instruction_type_reg", 6 0;
v0x5634648a4450_0 .net "rd", 4 0, L_0x5634648bd670;  alias, 1 drivers
v0x5634648a4510_0 .var "rd_reg", 4 0;
v0x5634648a45f0_0 .net "rd_valid", 0 0, L_0x5634648bd900;  alias, 1 drivers
v0x5634648a4690_0 .var "rd_valid_reg", 0 0;
v0x5634648a4730_0 .net "reset", 0 0, v0x5634648acd20_0;  alias, 1 drivers
v0x5634648a47d0_0 .net "rs1", 4 0, v0x5634648a4890_0;  alias, 1 drivers
v0x5634648a4890_0 .var "rs1_reg", 4 0;
v0x5634648a4950_0 .net "rs1_valid", 0 0, v0x5634648a4a20_0;  alias, 1 drivers
v0x5634648a4a20_0 .var "rs1_valid_reg", 0 0;
v0x5634648a4ac0_0 .net "rs2", 4 0, v0x5634648a4bb0_0;  alias, 1 drivers
v0x5634648a4bb0_0 .var "rs2_reg", 4 0;
v0x5634648a4c70_0 .net "rs2_valid", 0 0, v0x5634648a4d40_0;  alias, 1 drivers
v0x5634648a4d40_0 .var "rs2_valid_reg", 0 0;
v0x5634648a4de0_0 .net "system_stall", 0 0, L_0x7f388fa341c8;  alias, 1 drivers
L_0x5634648bd1a0 .part o0x7f388fa7e638, 0, 7;
S_0x5634648a5080 .scope module, "execution_inst" "execution" 5 101, 9 36 0, S_0x56346489e200;
 .timescale 0 0;
    .port_info 0 /INPUT 7 "instruction_type"
    .port_info 1 /INPUT 3 "funct3"
    .port_info 2 /INPUT 7 "funct7"
    .port_info 3 /INPUT 21 "immediate"
    .port_info 4 /INPUT 1 "system_stall"
    .port_info 5 /INPUT 32 "data_src1"
    .port_info 6 /INPUT 32 "data_src2"
    .port_info 7 /OUTPUT 32 "Execution_Result"
    .port_info 8 /OUTPUT 1 "Result_valid"
    .port_info 9 /INPUT 1 "clk"
    .port_info 10 /INPUT 1 "reset"
L_0x5634648be060 .functor OR 1, v0x5634648a68e0_0, v0x5634648a6980_0, C4<0>, C4<0>;
L_0x5634648be170 .functor BUFZ 32, v0x5634648a8200_0, C4<00000000000000000000000000000000>, C4<00000000000000000000000000000000>, C4<00000000000000000000000000000000>;
v0x5634648a8060_0 .net "Execution_Result", 31 0, L_0x5634648be170;  alias, 1 drivers
v0x5634648a8140_0 .var "Execution_Result_exe01", 31 0;
v0x5634648a8200_0 .var "Execution_Result_exe02", 31 0;
v0x5634648a82c0_0 .var "Result_valid", 0 0;
v0x5634648a8380_0 .net "add_value_exe01", 31 0, L_0x5634648bdfa0;  1 drivers
v0x5634648a8490_0 .net "clk", 0 0, v0x5634648acb00_0;  alias, 1 drivers
v0x5634648a8530_0 .net "ctrl_adder", 1 0, v0x5634648a6420_0;  1 drivers
v0x5634648a8620_0 .net "ctrl_logic", 2 0, v0x5634648a6510_0;  1 drivers
v0x5634648a8730_0 .net "data_src1", 31 0, L_0x5634648bebb0;  alias, 1 drivers
v0x5634648a87f0_0 .net "data_src2", 31 0, L_0x5634648bece0;  alias, 1 drivers
v0x5634648a88b0_0 .net "funct3", 2 0, L_0x5634648879d0;  alias, 1 drivers
v0x5634648a8970_0 .net "funct7", 6 0, L_0x563464887be0;  alias, 1 drivers
v0x5634648a8a80_0 .net "immediate", 20 0, v0x5634648a3f60_0;  alias, 1 drivers
v0x5634648a8b40_0 .net "instruction_type", 6 0, L_0x5634647c84c0;  alias, 1 drivers
v0x5634648a8c50_0 .net "logical_value_exe01", 31 0, L_0x5634648bdeb0;  1 drivers
v0x5634648a8d10_0 .net "reset", 0 0, v0x5634648acd20_0;  alias, 1 drivers
v0x5634648a8db0_0 .net "result_valid_exe01", 0 0, L_0x5634648be060;  1 drivers
v0x5634648a8f60_0 .net "system_stall", 0 0, L_0x7f388fa341c8;  alias, 1 drivers
v0x5634648a9000_0 .net "uop_is_add", 0 0, v0x5634648a68e0_0;  1 drivers
v0x5634648a90a0_0 .net "uop_is_logic", 0 0, v0x5634648a6980_0;  1 drivers
E_0x563464888ad0/0 .event edge, v0x56346489e060_0, v0x5634648a68e0_0, v0x5634648a5680_0, v0x5634648a6980_0;
E_0x563464888ad0/1 .event edge, v0x5634648a7a00_0;
E_0x563464888ad0 .event/or E_0x563464888ad0/0, E_0x563464888ad0/1;
S_0x5634648a52a0 .scope module, "u_Adder_int" "Adder_int" 9 94, 10 12 0, S_0x5634648a5080;
 .timescale 0 0;
    .port_info 0 /INPUT 1 "clk"
    .port_info 1 /INPUT 1 "reset"
    .port_info 2 /INPUT 2 "add_type"
    .port_info 3 /INPUT 32 "src1"
    .port_info 4 /INPUT 32 "src2"
    .port_info 5 /INPUT 21 "immediate"
    .port_info 6 /OUTPUT 32 "add_value"
L_0x5634648bdfa0 .functor BUFZ 32, v0x5634648a5760_0, C4<00000000000000000000000000000000>, C4<00000000000000000000000000000000>, C4<00000000000000000000000000000000>;
v0x5634648a5580_0 .net "add_type", 1 0, v0x5634648a6420_0;  alias, 1 drivers
v0x5634648a5680_0 .net "add_value", 31 0, L_0x5634648bdfa0;  alias, 1 drivers
v0x5634648a5760_0 .var "add_value_reg", 31 0;
v0x5634648a5850_0 .var "adder_src1", 31 0;
v0x5634648a5930_0 .var "adder_src2", 31 0;
v0x5634648a5a60_0 .net "clk", 0 0, v0x5634648acb00_0;  alias, 1 drivers
v0x5634648a5b00_0 .net "immediate", 20 0, v0x5634648a3f60_0;  alias, 1 drivers
v0x5634648a5bc0_0 .net "reset", 0 0, v0x5634648acd20_0;  alias, 1 drivers
v0x5634648a5cf0_0 .net "src1", 31 0, L_0x5634648bebb0;  alias, 1 drivers
v0x5634648a5e50_0 .net "src2", 31 0, L_0x5634648bece0;  alias, 1 drivers
v0x5634648a5f20_0 .var "src2_inp", 31 0;
S_0x5634648a6100 .scope module, "u_Alu_ctrl" "Alu_ctrl" 9 68, 11 7 0, S_0x5634648a5080;
 .timescale 0 0;
    .port_info 0 /INPUT 7 "instruction_type"
    .port_info 1 /INPUT 3 "funct3"
    .port_info 2 /INPUT 7 "funct7"
    .port_info 3 /INPUT 1 "clk"
    .port_info 4 /INPUT 1 "reset"
    .port_info 5 /OUTPUT 2 "ctrl_adder"
    .port_info 6 /OUTPUT 1 "uop_is_add"
    .port_info 7 /OUTPUT 3 "ctrl_logic"
    .port_info 8 /OUTPUT 1 "uop_is_logic"
v0x5634648a6380_0 .net "clk", 0 0, v0x5634648acb00_0;  alias, 1 drivers
v0x5634648a6420_0 .var "ctrl_adder", 1 0;
v0x5634648a6510_0 .var "ctrl_logic", 2 0;
v0x5634648a65e0_0 .net "funct3", 2 0, L_0x5634648879d0;  alias, 1 drivers
v0x5634648a66d0_0 .net "funct7", 6 0, L_0x563464887be0;  alias, 1 drivers
v0x5634648a6770_0 .net "instruction_type", 6 0, L_0x5634647c84c0;  alias, 1 drivers
v0x5634648a6840_0 .net "reset", 0 0, v0x5634648acd20_0;  alias, 1 drivers
v0x5634648a68e0_0 .var "uop_is_add", 0 0;
v0x5634648a6980_0 .var "uop_is_logic", 0 0;
S_0x5634648a6bf0 .scope module, "u_logical_unit" "logical_unit" 9 83, 12 6 0, S_0x5634648a5080;
 .timescale 0 0;
    .port_info 0 /INPUT 1 "clk"
    .port_info 1 /INPUT 1 "reset"
    .port_info 2 /INPUT 3 "logic_type"
    .port_info 3 /INPUT 32 "src1"
    .port_info 4 /INPUT 32 "src2"
    .port_info 5 /INPUT 21 "immediate"
    .port_info 6 /OUTPUT 32 "logical_value"
L_0x5634648bdcb0 .functor AND 32, v0x5634648a7780_0, v0x5634648a7840_0, C4<11111111111111111111111111111111>, C4<11111111111111111111111111111111>;
L_0x5634648bdd50 .functor OR 32, v0x5634648a7780_0, v0x5634648a7840_0, C4<00000000000000000000000000000000>, C4<00000000000000000000000000000000>;
L_0x5634648bde40 .functor XOR 32, v0x5634648a7780_0, v0x5634648a7840_0, C4<00000000000000000000000000000000>, C4<00000000000000000000000000000000>;
L_0x5634648bdeb0 .functor BUFZ 32, v0x5634648a7ae0_0, C4<00000000000000000000000000000000>, C4<00000000000000000000000000000000>, C4<00000000000000000000000000000000>;
v0x5634648a6ec0_0 .net "And_result", 31 0, L_0x5634648bdcb0;  1 drivers
v0x5634648a6fc0_0 .net "Or_result", 31 0, L_0x5634648bdd50;  1 drivers
v0x5634648a70a0_0 .net "Xor_result", 31 0, L_0x5634648bde40;  1 drivers
v0x5634648a7190_0 .net *"_s1", 0 0, L_0x5634648bda70;  1 drivers
L_0x7f388fa34060 .functor BUFT 1, C4<00000000000>, C4<0>, C4<0>, C4<0>;
v0x5634648a7270_0 .net/2u *"_s2", 10 0, L_0x7f388fa34060;  1 drivers
v0x5634648a73a0_0 .net *"_s4", 31 0, L_0x5634648bdb40;  1 drivers
v0x5634648a7480_0 .net "clk", 0 0, v0x5634648acb00_0;  alias, 1 drivers
v0x5634648a7520_0 .net "immediate", 20 0, v0x5634648a3f60_0;  alias, 1 drivers
v0x5634648a7630_0 .net "logic_type", 2 0, v0x5634648a6510_0;  alias, 1 drivers
v0x5634648a7780_0 .var "logical_src1", 31 0;
v0x5634648a7840_0 .var "logical_src2", 31 0;
v0x5634648a7920_0 .net "logical_src2_inp", 31 0, L_0x5634648bdc10;  1 drivers
v0x5634648a7a00_0 .net "logical_value", 31 0, L_0x5634648bdeb0;  alias, 1 drivers
v0x5634648a7ae0_0 .var "logical_value_reg", 31 0;
v0x5634648a7bc0_0 .net "reset", 0 0, v0x5634648acd20_0;  alias, 1 drivers
v0x5634648a7c60_0 .net "src1", 31 0, L_0x5634648bebb0;  alias, 1 drivers
v0x5634648a7d20_0 .net "src2", 31 0, L_0x5634648bece0;  alias, 1 drivers
E_0x5634648a6e50 .event edge, v0x5634648a6510_0, v0x5634648a6ec0_0, v0x5634648a6fc0_0, v0x5634648a70a0_0;
L_0x5634648bda70 .part v0x5634648a6510_0, 2, 1;
L_0x5634648bdb40 .concat [ 21 11 0 0], v0x5634648a3f60_0, L_0x7f388fa34060;
L_0x5634648bdc10 .functor MUXZ 32, L_0x5634648bece0, L_0x5634648bdb40, L_0x5634648bda70, C4<>;
S_0x5634648a9240 .scope module, "u_fetch" "Fetch" 5 66, 13 12 0, S_0x56346489e200;
 .timescale 0 0;
    .port_info 0 /OUTPUT 3 "Addr"
    .port_info 1 /INOUT 32 "Data"
    .port_info 2 /OUTPUT 1 "we"
    .port_info 3 /OUTPUT 1 "req_valid"
    .port_info 4 /INPUT 1 "clk"
    .port_info 5 /INPUT 1 "reset"
    .port_info 6 /INPUT 1 "data_valid"
P_0x5634648a9460 .param/l "ADDR_WIDTH" 1 13 25, +C4<00000000000000000000000000000011>;
P_0x5634648a94a0 .param/l "DATA_WIDTH" 0 13 12, +C4<00000000000000000000000000100000>;
P_0x5634648a94e0 .param/l "MEM_DEPTH" 0 13 12, +C4<00000000000000000000000000001000>;
P_0x5634648a9520 .param/l "STATE_WIDTH" 1 13 24, +C4<00000000000000000000000000000010>;
v0x5634648a9790_0 .net "Addr", 2 0, v0x5634648a9890_0;  1 drivers
v0x5634648a9890_0 .var "Addr_reg", 2 0;
v0x5634648a9970_0 .net "Data", 31 0, o0x7f388fa7e638;  alias, 0 drivers
v0x5634648a9a70_0 .var "IR_v", 0 0;
v0x5634648a9b10_0 .var "InstructionRegister", 31 0;
v0x5634648a9c40_0 .var "NextState", 1 0;
v0x5634648a9d20_0 .var "PC_v", 0 0;
v0x5634648a9de0_0 .var "PresentState", 1 0;
v0x5634648a9ec0_0 .var "ProgramCounter", 31 0;
v0x5634648a9fa0_0 .net "clk", 0 0, v0x5634648acb00_0;  alias, 1 drivers
v0x5634648aa150_0 .net "data_valid", 0 0, L_0x5634648bf910;  alias, 1 drivers
v0x5634648aa1f0_0 .net "req_valid", 0 0, v0x5634648aa290_0;  alias, 1 drivers
v0x5634648aa290_0 .var "req_valid_reg", 0 0;
v0x5634648aa350_0 .net "reset", 0 0, v0x5634648acd20_0;  alias, 1 drivers
v0x5634648aa500_0 .net "we", 0 0, v0x5634648aa5c0_0;  alias, 1 drivers
v0x5634648aa5c0_0 .var "we_reg", 0 0;
    .scope S_0x5634648a9240;
T_0 ;
    %wait E_0x5634647fbb20;
    %load/vec4 v0x5634648aa350_0;
    %flag_set/vec4 8;
    %jmp/0xz  T_0.0, 8;
    %pushi/vec4 0, 0, 2;
    %store/vec4 v0x5634648a9c40_0, 0, 2;
T_0.0 ;
    %load/vec4 v0x5634648a9de0_0;
    %dup/vec4;
    %pushi/vec4 0, 0, 2;
    %cmp/u;
    %jmp/1 T_0.2, 6;
    %dup/vec4;
    %pushi/vec4 1, 0, 2;
    %cmp/u;
    %jmp/1 T_0.3, 6;
    %dup/vec4;
    %pushi/vec4 3, 0, 2;
    %cmp/u;
    %jmp/1 T_0.4, 6;
    %dup/vec4;
    %pushi/vec4 2, 0, 2;
    %cmp/u;
    %jmp/1 T_0.5, 6;
    %jmp T_0.6;
T_0.2 ;
    %pushi/vec4 0, 0, 32;
    %store/vec4 v0x5634648a9ec0_0, 0, 32;
    %pushi/vec4 0, 0, 32;
    %store/vec4 v0x5634648a9b10_0, 0, 32;
    %pushi/vec4 1, 0, 1;
    %store/vec4 v0x5634648a9d20_0, 0, 1;
    %pushi/vec4 0, 0, 1;
    %store/vec4 v0x5634648a9a70_0, 0, 1;
    %load/vec4 v0x5634648aa350_0;
    %flag_set/vec4 8;
    %jmp/0xz  T_0.7, 8;
    %pushi/vec4 0, 0, 2;
    %store/vec4 v0x5634648a9c40_0, 0, 2;
T_0.7 ;
    %pushi/vec4 0, 0, 1;
    %store/vec4 v0x5634648aa5c0_0, 0, 1;
    %load/vec4 v0x5634648a9d20_0;
    %flag_set/vec4 8;
    %jmp/0xz  T_0.9, 8;
    %pushi/vec4 1, 0, 2;
    %store/vec4 v0x5634648a9c40_0, 0, 2;
T_0.9 ;
    %jmp T_0.6;
T_0.3 ;
    %load/vec4 v0x5634648a9ec0_0;
    %pad/u 3;
    %store/vec4 v0x5634648a9890_0, 0, 3;
    %pushi/vec4 1, 0, 1;
    %store/vec4 v0x5634648aa290_0, 0, 1;
    %pushi/vec4 0, 0, 1;
    %store/vec4 v0x5634648a9d20_0, 0, 1;
    %pushi/vec4 0, 0, 1;
    %store/vec4 v0x5634648a9a70_0, 0, 1;
    %pushi/vec4 3, 0, 2;
    %store/vec4 v0x5634648a9c40_0, 0, 2;
    %pushi/vec4 0, 0, 1;
    %store/vec4 v0x5634648aa5c0_0, 0, 1;
    %jmp T_0.6;
T_0.4 ;
    %pushi/vec4 1, 0, 1;
    %store/vec4 v0x5634648aa290_0, 0, 1;
    %load/vec4 v0x5634648aa150_0;
    %flag_set/vec4 8;
    %jmp/0xz  T_0.11, 8;
    %pushi/vec4 2, 0, 2;
    %store/vec4 v0x5634648a9c40_0, 0, 2;
T_0.11 ;
    %jmp T_0.6;
T_0.5 ;
    %load/vec4 v0x5634648a9970_0;
    %store/vec4 v0x5634648a9b10_0, 0, 32;
    %pushi/vec4 1, 0, 1;
    %store/vec4 v0x5634648a9a70_0, 0, 1;
    %load/vec4 v0x5634648a9ec0_0;
    %cmpi/e 8, 0, 32;
    %jmp/0xz  T_0.13, 4;
    %pushi/vec4 0, 0, 32;
    %store/vec4 v0x5634648a9ec0_0, 0, 32;
T_0.13 ;
    %load/vec4 v0x5634648a9ec0_0;
    %addi 1, 0, 32;
    %store/vec4 v0x5634648a9ec0_0, 0, 32;
    %pushi/vec4 1, 0, 1;
    %store/vec4 v0x5634648a9d20_0, 0, 1;
    %pushi/vec4 0, 0, 1;
    %store/vec4 v0x5634648aa290_0, 0, 1;
    %pushi/vec4 1, 0, 2;
    %store/vec4 v0x5634648a9c40_0, 0, 2;
    %jmp T_0.6;
T_0.6 ;
    %pop/vec4 1;
    %load/vec4 v0x5634648a9c40_0;
    %store/vec4 v0x5634648a9de0_0, 0, 2;
    %jmp T_0;
    .thread T_0;
    .scope S_0x5634648a3680;
T_1 ;
    %wait E_0x563464888a50;
    %load/vec4 v0x5634648a4730_0;
    %flag_set/vec4 8;
    %jmp/0xz  T_1.0, 8;
    %pushi/vec4 0, 0, 7;
    %store/vec4 v0x5634648a4370_0, 0, 7;
    %pushi/vec4 0, 0, 3;
    %store/vec4 v0x5634648a3b90_0, 0, 3;
    %pushi/vec4 0, 0, 7;
    %store/vec4 v0x5634648a3da0_0, 0, 7;
    %pushi/vec4 0, 0, 21;
    %store/vec4 v0x5634648a3f60_0, 0, 21;
    %pushi/vec4 0, 0, 5;
    %store/vec4 v0x5634648a4890_0, 0, 5;
    %pushi/vec4 0, 0, 5;
    %store/vec4 v0x5634648a4bb0_0, 0, 5;
    %pushi/vec4 0, 0, 5;
    %store/vec4 v0x5634648a4510_0, 0, 5;
    %pushi/vec4 0, 0, 1;
    %store/vec4 v0x5634648a4a20_0, 0, 1;
    %pushi/vec4 0, 0, 1;
    %store/vec4 v0x5634648a4d40_0, 0, 1;
    %pushi/vec4 0, 0, 1;
    %store/vec4 v0x5634648a4690_0, 0, 1;
    %jmp T_1.1;
T_1.0 ;
    %load/vec4 v0x5634648a4de0_0;
    %inv;
    %flag_set/vec4 8;
    %jmp/0xz  T_1.2, 8;
    %load/vec4 v0x5634648a41b0_0;
    %dup/vec4;
    %pushi/vec4 51, 0, 7;
    %cmp/u;
    %jmp/1 T_1.4, 6;
    %dup/vec4;
    %pushi/vec4 19, 0, 7;
    %cmp/u;
    %jmp/1 T_1.5, 6;
    %dup/vec4;
    %pushi/vec4 3, 0, 7;
    %cmp/u;
    %jmp/1 T_1.6, 6;
    %dup/vec4;
    %pushi/vec4 35, 0, 7;
    %cmp/u;
    %jmp/1 T_1.7, 6;
    %dup/vec4;
    %pushi/vec4 99, 0, 7;
    %cmp/u;
    %jmp/1 T_1.8, 6;
    %dup/vec4;
    %pushi/vec4 55, 0, 7;
    %cmp/u;
    %jmp/1 T_1.9, 6;
    %dup/vec4;
    %pushi/vec4 111, 0, 7;
    %cmp/u;
    %jmp/1 T_1.10, 6;
    %dup/vec4;
    %pushi/vec4 103, 0, 7;
    %cmp/u;
    %jmp/1 T_1.11, 6;
    %dup/vec4;
    %pushi/vec4 23, 0, 7;
    %cmp/u;
    %jmp/1 T_1.12, 6;
    %dup/vec4;
    %pushi/vec4 115, 0, 7;
    %cmp/u;
    %jmp/1 T_1.13, 6;
    %pushi/vec4 0, 0, 7;
    %store/vec4 v0x5634648a4370_0, 0, 7;
    %pushi/vec4 0, 0, 3;
    %store/vec4 v0x5634648a3b90_0, 0, 3;
    %pushi/vec4 0, 0, 7;
    %store/vec4 v0x5634648a3da0_0, 0, 7;
    %pushi/vec4 0, 0, 21;
    %store/vec4 v0x5634648a3f60_0, 0, 21;
    %pushi/vec4 0, 0, 5;
    %store/vec4 v0x5634648a4890_0, 0, 5;
    %pushi/vec4 0, 0, 5;
    %store/vec4 v0x5634648a4bb0_0, 0, 5;
    %pushi/vec4 0, 0, 5;
    %store/vec4 v0x5634648a4510_0, 0, 5;
    %pushi/vec4 0, 0, 1;
    %store/vec4 v0x5634648a4a20_0, 0, 1;
    %pushi/vec4 0, 0, 1;
    %store/vec4 v0x5634648a4d40_0, 0, 1;
    %pushi/vec4 0, 0, 1;
    %store/vec4 v0x5634648a4690_0, 0, 1;
    %jmp T_1.15;
T_1.4 ;
    %load/vec4 v0x5634648a4040_0;
    %parti/s 3, 0, 2;
    %store/vec4 v0x5634648a3b90_0, 0, 3;
    %load/vec4 v0x5634648a4040_0;
    %parti/s 5, 15, 5;
    %store/vec4 v0x5634648a4890_0, 0, 5;
    %load/vec4 v0x5634648a4040_0;
    %parti/s 5, 20, 6;
    %store/vec4 v0x5634648a4bb0_0, 0, 5;
    %load/vec4 v0x5634648a4040_0;
    %parti/s 5, 7, 4;
    %store/vec4 v0x5634648a4510_0, 0, 5;
    %load/vec4 v0x5634648a4040_0;
    %parti/s 3, 12, 5;
    %store/vec4 v0x5634648a3b90_0, 0, 3;
    %load/vec4 v0x5634648a4040_0;
    %parti/s 7, 25, 6;
    %store/vec4 v0x5634648a3da0_0, 0, 7;
    %pushi/vec4 1, 0, 1;
    %store/vec4 v0x5634648a4a20_0, 0, 1;
    %pushi/vec4 1, 0, 1;
    %store/vec4 v0x5634648a4d40_0, 0, 1;
    %pushi/vec4 1, 0, 1;
    %store/vec4 v0x5634648a4690_0, 0, 1;
    %pushi/vec4 51, 0, 7;
    %store/vec4 v0x5634648a4370_0, 0, 7;
    %jmp T_1.15;
T_1.5 ;
    %load/vec4 v0x5634648a4040_0;
    %parti/s 3, 12, 5;
    %store/vec4 v0x5634648a3b90_0, 0, 3;
    %pushi/vec4 0, 0, 7;
    %store/vec4 v0x5634648a3da0_0, 0, 7;
    %load/vec4 v0x5634648a4040_0;
    %parti/s 5, 15, 5;
    %store/vec4 v0x5634648a4890_0, 0, 5;
    %pushi/vec4 0, 0, 5;
    %store/vec4 v0x5634648a4bb0_0, 0, 5;
    %load/vec4 v0x5634648a4040_0;
    %parti/s 5, 7, 4;
    %store/vec4 v0x5634648a4510_0, 0, 5;
    %pushi/vec4 0, 0, 20;
    %load/vec4 v0x5634648a4040_0;
    %parti/s 12, 20, 6;
    %concat/vec4; draw_concat_vec4
    %pad/u 21;
    %store/vec4 v0x5634648a3f60_0, 0, 21;
    %pushi/vec4 1, 0, 1;
    %store/vec4 v0x5634648a4a20_0, 0, 1;
    %pushi/vec4 0, 0, 1;
    %store/vec4 v0x5634648a4d40_0, 0, 1;
    %pushi/vec4 1, 0, 1;
    %store/vec4 v0x5634648a4690_0, 0, 1;
    %pushi/vec4 1, 0, 7;
    %store/vec4 v0x5634648a4370_0, 0, 7;
    %jmp T_1.15;
T_1.6 ;
    %load/vec4 v0x5634648a4040_0;
    %parti/s 3, 12, 5;
    %store/vec4 v0x5634648a3b90_0, 0, 3;
    %pushi/vec4 0, 0, 7;
    %store/vec4 v0x5634648a3da0_0, 0, 7;
    %load/vec4 v0x5634648a4040_0;
    %parti/s 5, 15, 5;
    %store/vec4 v0x5634648a4890_0, 0, 5;
    %pushi/vec4 0, 0, 5;
    %store/vec4 v0x5634648a4bb0_0, 0, 5;
    %load/vec4 v0x5634648a4040_0;
    %parti/s 5, 7, 4;
    %store/vec4 v0x5634648a4510_0, 0, 5;
    %pushi/vec4 0, 0, 20;
    %load/vec4 v0x5634648a4040_0;
    %parti/s 12, 20, 6;
    %concat/vec4; draw_concat_vec4
    %pad/u 21;
    %store/vec4 v0x5634648a3f60_0, 0, 21;
    %pushi/vec4 1, 0, 1;
    %store/vec4 v0x5634648a4a20_0, 0, 1;
    %pushi/vec4 0, 0, 1;
    %store/vec4 v0x5634648a4d40_0, 0, 1;
    %pushi/vec4 1, 0, 1;
    %store/vec4 v0x5634648a4690_0, 0, 1;
    %pushi/vec4 3, 0, 7;
    %store/vec4 v0x5634648a4370_0, 0, 7;
    %jmp T_1.15;
T_1.7 ;
    %load/vec4 v0x5634648a4040_0;
    %parti/s 3, 12, 5;
    %store/vec4 v0x5634648a3b90_0, 0, 3;
    %pushi/vec4 0, 0, 7;
    %store/vec4 v0x5634648a3da0_0, 0, 7;
    %load/vec4 v0x5634648a4040_0;
    %parti/s 5, 15, 5;
    %store/vec4 v0x5634648a4890_0, 0, 5;
    %load/vec4 v0x5634648a4040_0;
    %parti/s 5, 20, 6;
    %store/vec4 v0x5634648a4bb0_0, 0, 5;
    %pushi/vec4 0, 0, 5;
    %store/vec4 v0x5634648a4510_0, 0, 5;
    %load/vec4 v0x5634648a4040_0;
    %parti/s 7, 25, 6;
    %load/vec4 v0x5634648a4040_0;
    %parti/s 5, 7, 4;
    %concat/vec4; draw_concat_vec4
    %pad/u 21;
    %store/vec4 v0x5634648a3f60_0, 0, 21;
    %pushi/vec4 1, 0, 1;
    %store/vec4 v0x5634648a4a20_0, 0, 1;
    %pushi/vec4 1, 0, 1;
    %store/vec4 v0x5634648a4d40_0, 0, 1;
    %pushi/vec4 0, 0, 1;
    %store/vec4 v0x5634648a4690_0, 0, 1;
    %pushi/vec4 35, 0, 7;
    %store/vec4 v0x5634648a4370_0, 0, 7;
    %jmp T_1.15;
T_1.8 ;
    %load/vec4 v0x5634648a4040_0;
    %parti/s 3, 12, 5;
    %store/vec4 v0x5634648a3b90_0, 0, 3;
    %pushi/vec4 0, 0, 7;
    %store/vec4 v0x5634648a3da0_0, 0, 7;
    %load/vec4 v0x5634648a4040_0;
    %parti/s 5, 15, 5;
    %store/vec4 v0x5634648a4890_0, 0, 5;
    %load/vec4 v0x5634648a4040_0;
    %parti/s 5, 20, 6;
    %store/vec4 v0x5634648a4bb0_0, 0, 5;
    %pushi/vec4 0, 0, 5;
    %store/vec4 v0x5634648a4510_0, 0, 5;
    %load/vec4 v0x5634648a4040_0;
    %parti/s 1, 31, 6;
    %load/vec4 v0x5634648a4040_0;
    %parti/s 1, 7, 4;
    %concat/vec4; draw_concat_vec4
    %load/vec4 v0x5634648a4040_0;
    %parti/s 6, 25, 6;
    %concat/vec4; draw_concat_vec4
    %load/vec4 v0x5634648a4040_0;
    %parti/s 4, 8, 5;
    %concat/vec4; draw_concat_vec4
    %pad/u 21;
    %store/vec4 v0x5634648a3f60_0, 0, 21;
    %pushi/vec4 1, 0, 1;
    %store/vec4 v0x5634648a4a20_0, 0, 1;
    %pushi/vec4 1, 0, 1;
    %store/vec4 v0x5634648a4d40_0, 0, 1;
    %pushi/vec4 0, 0, 1;
    %store/vec4 v0x5634648a4690_0, 0, 1;
    %pushi/vec4 99, 0, 7;
    %store/vec4 v0x5634648a4370_0, 0, 7;
    %jmp T_1.15;
T_1.9 ;
    %pushi/vec4 0, 0, 3;
    %store/vec4 v0x5634648a3b90_0, 0, 3;
    %pushi/vec4 0, 0, 7;
    %store/vec4 v0x5634648a3da0_0, 0, 7;
    %pushi/vec4 0, 0, 5;
    %store/vec4 v0x5634648a4890_0, 0, 5;
    %pushi/vec4 0, 0, 5;
    %store/vec4 v0x5634648a4bb0_0, 0, 5;
    %load/vec4 v0x5634648a4040_0;
    %parti/s 5, 7, 4;
    %store/vec4 v0x5634648a4510_0, 0, 5;
    %load/vec4 v0x5634648a4040_0;
    %parti/s 20, 12, 5;
    %concati/vec4 0, 0, 12;
    %pad/u 21;
    %store/vec4 v0x5634648a3f60_0, 0, 21;
    %pushi/vec4 0, 0, 1;
    %store/vec4 v0x5634648a4a20_0, 0, 1;
    %pushi/vec4 0, 0, 1;
    %store/vec4 v0x5634648a4d40_0, 0, 1;
    %pushi/vec4 1, 0, 1;
    %store/vec4 v0x5634648a4690_0, 0, 1;
    %pushi/vec4 55, 0, 7;
    %store/vec4 v0x5634648a4370_0, 0, 7;
    %jmp T_1.15;
T_1.10 ;
    %pushi/vec4 0, 0, 3;
    %store/vec4 v0x5634648a3b90_0, 0, 3;
    %pushi/vec4 0, 0, 7;
    %store/vec4 v0x5634648a3da0_0, 0, 7;
    %pushi/vec4 0, 0, 5;
    %store/vec4 v0x5634648a4890_0, 0, 5;
    %pushi/vec4 0, 0, 5;
    %store/vec4 v0x5634648a4bb0_0, 0, 5;
    %load/vec4 v0x5634648a4040_0;
    %parti/s 5, 7, 4;
    %store/vec4 v0x5634648a4510_0, 0, 5;
    %load/vec4 v0x5634648a4040_0;
    %parti/s 1, 31, 6;
    %load/vec4 v0x5634648a4040_0;
    %parti/s 8, 12, 5;
    %concat/vec4; draw_concat_vec4
    %load/vec4 v0x5634648a4040_0;
    %parti/s 1, 20, 6;
    %concat/vec4; draw_concat_vec4
    %load/vec4 v0x5634648a4040_0;
    %parti/s 10, 21, 6;
    %concat/vec4; draw_concat_vec4
    %concati/vec4 0, 0, 1;
    %store/vec4 v0x5634648a3f60_0, 0, 21;
    %pushi/vec4 0, 0, 1;
    %store/vec4 v0x5634648a4a20_0, 0, 1;
    %pushi/vec4 0, 0, 1;
    %store/vec4 v0x5634648a4d40_0, 0, 1;
    %pushi/vec4 1, 0, 1;
    %store/vec4 v0x5634648a4690_0, 0, 1;
    %pushi/vec4 111, 0, 7;
    %store/vec4 v0x5634648a4370_0, 0, 7;
    %jmp T_1.15;
T_1.11 ;
    %load/vec4 v0x5634648a4040_0;
    %parti/s 3, 12, 5;
    %store/vec4 v0x5634648a3b90_0, 0, 3;
    %pushi/vec4 0, 0, 7;
    %store/vec4 v0x5634648a3da0_0, 0, 7;
    %load/vec4 v0x5634648a4040_0;
    %parti/s 5, 15, 5;
    %store/vec4 v0x5634648a4890_0, 0, 5;
    %pushi/vec4 0, 0, 5;
    %store/vec4 v0x5634648a4bb0_0, 0, 5;
    %load/vec4 v0x5634648a4040_0;
    %parti/s 5, 7, 4;
    %store/vec4 v0x5634648a4510_0, 0, 5;
    %pushi/vec4 0, 0, 20;
    %load/vec4 v0x5634648a4040_0;
    %parti/s 12, 20, 6;
    %concat/vec4; draw_concat_vec4
    %pad/u 21;
    %store/vec4 v0x5634648a3f60_0, 0, 21;
    %pushi/vec4 1, 0, 1;
    %store/vec4 v0x5634648a4a20_0, 0, 1;
    %pushi/vec4 0, 0, 1;
    %store/vec4 v0x5634648a4d40_0, 0, 1;
    %pushi/vec4 1, 0, 1;
    %store/vec4 v0x5634648a4690_0, 0, 1;
    %pushi/vec4 103, 0, 7;
    %store/vec4 v0x5634648a4370_0, 0, 7;
    %jmp T_1.15;
T_1.12 ;
    %pushi/vec4 0, 0, 3;
    %store/vec4 v0x5634648a3b90_0, 0, 3;
    %pushi/vec4 0, 0, 7;
    %store/vec4 v0x5634648a3da0_0, 0, 7;
    %pushi/vec4 0, 0, 5;
    %store/vec4 v0x5634648a4890_0, 0, 5;
    %pushi/vec4 0, 0, 5;
    %store/vec4 v0x5634648a4bb0_0, 0, 5;
    %load/vec4 v0x5634648a4040_0;
    %parti/s 5, 7, 4;
    %store/vec4 v0x5634648a4510_0, 0, 5;
    %load/vec4 v0x5634648a4040_0;
    %parti/s 20, 12, 5;
    %concati/vec4 0, 0, 12;
    %pad/u 21;
    %store/vec4 v0x5634648a3f60_0, 0, 21;
    %pushi/vec4 0, 0, 1;
    %store/vec4 v0x5634648a4a20_0, 0, 1;
    %pushi/vec4 0, 0, 1;
    %store/vec4 v0x5634648a4d40_0, 0, 1;
    %pushi/vec4 1, 0, 1;
    %store/vec4 v0x5634648a4690_0, 0, 1;
    %pushi/vec4 23, 0, 7;
    %store/vec4 v0x5634648a4370_0, 0, 7;
    %jmp T_1.15;
T_1.13 ;
    %load/vec4 v0x5634648a4040_0;
    %parti/s 3, 12, 5;
    %store/vec4 v0x5634648a3b90_0, 0, 3;
    %pushi/vec4 0, 0, 7;
    %store/vec4 v0x5634648a3da0_0, 0, 7;
    %load/vec4 v0x5634648a4040_0;
    %parti/s 5, 15, 5;
    %store/vec4 v0x5634648a4890_0, 0, 5;
    %pushi/vec4 0, 0, 5;
    %store/vec4 v0x5634648a4bb0_0, 0, 5;
    %load/vec4 v0x5634648a4040_0;
    %parti/s 5, 7, 4;
    %store/vec4 v0x5634648a4510_0, 0, 5;
    %pushi/vec4 0, 0, 20;
    %load/vec4 v0x5634648a4040_0;
    %parti/s 12, 20, 6;
    %concat/vec4; draw_concat_vec4
    %pad/u 21;
    %store/vec4 v0x5634648a3f60_0, 0, 21;
    %pushi/vec4 0, 0, 1;
    %store/vec4 v0x5634648a4a20_0, 0, 1;
    %pushi/vec4 0, 0, 1;
    %store/vec4 v0x5634648a4d40_0, 0, 1;
    %pushi/vec4 0, 0, 1;
    %store/vec4 v0x5634648a4690_0, 0, 1;
    %pushi/vec4 115, 0, 7;
    %store/vec4 v0x5634648a4370_0, 0, 7;
    %jmp T_1.15;
T_1.15 ;
    %pop/vec4 1;
T_1.2 ;
T_1.1 ;
    %jmp T_1;
    .thread T_1;
    .scope S_0x5634648a6100;
T_2 ;
    %wait E_0x563464888a50;
    %load/vec4 v0x5634648a6840_0;
    %flag_set/vec4 8;
    %jmp/0xz  T_2.0, 8;
    %pushi/vec4 0, 0, 2;
    %store/vec4 v0x5634648a6420_0, 0, 2;
    %pushi/vec4 0, 0, 3;
    %store/vec4 v0x5634648a6510_0, 0, 3;
T_2.0 ;
    %load/vec4 v0x5634648a6770_0;
    %pushi/vec4 51, 0, 7;
    %cmp/e;
    %flag_get/vec4 4;
    %load/vec4 v0x5634648a65e0_0;
    %pushi/vec4 0, 0, 3;
    %cmp/e;
    %flag_get/vec4 4;
    %and;
    %flag_set/vec4 8;
    %jmp/0xz  T_2.2, 8;
    %pushi/vec4 1, 0, 1;
    %store/vec4 v0x5634648a68e0_0, 0, 1;
    %load/vec4 v0x5634648a66d0_0;
    %parti/s 1, 5, 4;
    %cmpi/e 0, 0, 1;
    %jmp/0xz  T_2.4, 4;
    %pushi/vec4 1, 0, 2;
    %store/vec4 v0x5634648a6420_0, 0, 2;
    %jmp T_2.5;
T_2.4 ;
    %load/vec4 v0x5634648a66d0_0;
    %parti/s 1, 5, 4;
    %cmpi/e 1, 0, 1;
    %jmp/0xz  T_2.6, 4;
    %pushi/vec4 2, 0, 2;
    %store/vec4 v0x5634648a6420_0, 0, 2;
T_2.6 ;
T_2.5 ;
    %jmp T_2.3;
T_2.2 ;
    %load/vec4 v0x5634648a6770_0;
    %pushi/vec4 19, 0, 7;
    %cmp/e;
    %flag_get/vec4 4;
    %load/vec4 v0x5634648a65e0_0;
    %pushi/vec4 0, 0, 3;
    %cmp/e;
    %flag_get/vec4 4;
    %and;
    %flag_set/vec4 8;
    %jmp/0xz  T_2.8, 8;
    %pushi/vec4 1, 0, 1;
    %store/vec4 v0x5634648a68e0_0, 0, 1;
    %pushi/vec4 3, 0, 2;
    %store/vec4 v0x5634648a6420_0, 0, 2;
    %jmp T_2.9;
T_2.8 ;
    %pushi/vec4 0, 0, 1;
    %store/vec4 v0x5634648a68e0_0, 0, 1;
    %pushi/vec4 0, 0, 2;
    %store/vec4 v0x5634648a6420_0, 0, 2;
T_2.9 ;
T_2.3 ;
    %load/vec4 v0x5634648a6770_0;
    %cmpi/e 51, 0, 7;
    %jmp/0xz  T_2.10, 4;
    %load/vec4 v0x5634648a65e0_0;
    %dup/vec4;
    %pushi/vec4 6, 0, 3;
    %cmp/u;
    %jmp/1 T_2.12, 6;
    %dup/vec4;
    %pushi/vec4 4, 0, 3;
    %cmp/u;
    %jmp/1 T_2.13, 6;
    %dup/vec4;
    %pushi/vec4 7, 0, 3;
    %cmp/u;
    %jmp/1 T_2.14, 6;
    %pushi/vec4 0, 0, 3;
    %store/vec4 v0x5634648a6510_0, 0, 3;
    %jmp T_2.16;
T_2.12 ;
    %pushi/vec4 2, 0, 3;
    %store/vec4 v0x5634648a6510_0, 0, 3;
    %jmp T_2.16;
T_2.13 ;
    %pushi/vec4 1, 0, 3;
    %store/vec4 v0x5634648a6510_0, 0, 3;
    %jmp T_2.16;
T_2.14 ;
    %pushi/vec4 3, 0, 3;
    %store/vec4 v0x5634648a6510_0, 0, 3;
    %jmp T_2.16;
T_2.16 ;
    %pop/vec4 1;
T_2.10 ;
    %load/vec4 v0x5634648a6770_0;
    %cmpi/e 19, 0, 7;
    %jmp/0xz  T_2.17, 4;
    %load/vec4 v0x5634648a65e0_0;
    %dup/vec4;
    %pushi/vec4 6, 0, 3;
    %cmp/u;
    %jmp/1 T_2.19, 6;
    %dup/vec4;
    %pushi/vec4 4, 0, 3;
    %cmp/u;
    %jmp/1 T_2.20, 6;
    %dup/vec4;
    %pushi/vec4 7, 0, 3;
    %cmp/u;
    %jmp/1 T_2.21, 6;
    %pushi/vec4 0, 0, 3;
    %store/vec4 v0x5634648a6510_0, 0, 3;
    %jmp T_2.23;
T_2.19 ;
    %pushi/vec4 6, 0, 3;
    %store/vec4 v0x5634648a6510_0, 0, 3;
    %jmp T_2.23;
T_2.20 ;
    %pushi/vec4 7, 0, 3;
    %store/vec4 v0x5634648a6510_0, 0, 3;
    %jmp T_2.23;
T_2.21 ;
    %pushi/vec4 5, 0, 3;
    %store/vec4 v0x5634648a6510_0, 0, 3;
    %jmp T_2.23;
T_2.23 ;
    %pop/vec4 1;
T_2.17 ;
    %load/vec4 v0x5634648a6510_0;
    %or/r;
    %store/vec4 v0x5634648a6980_0, 0, 1;
    %jmp T_2;
    .thread T_2;
    .scope S_0x5634648a6bf0;
T_3 ;
    %wait E_0x563464888a50;
    %load/vec4 v0x5634648a7bc0_0;
    %flag_set/vec4 8;
    %jmp/0xz  T_3.0, 8;
    %pushi/vec4 0, 0, 32;
    %store/vec4 v0x5634648a7780_0, 0, 32;
    %pushi/vec4 0, 0, 32;
    %store/vec4 v0x5634648a7840_0, 0, 32;
    %pushi/vec4 0, 0, 32;
    %store/vec4 v0x5634648a7ae0_0, 0, 32;
    %jmp T_3.1;
T_3.0 ;
    %load/vec4 v0x5634648a7c60_0;
    %store/vec4 v0x5634648a7780_0, 0, 32;
    %load/vec4 v0x5634648a7920_0;
    %store/vec4 v0x5634648a7840_0, 0, 32;
T_3.1 ;
    %jmp T_3;
    .thread T_3;
    .scope S_0x5634648a6bf0;
T_4 ;
    %wait E_0x5634648a6e50;
    %load/vec4 v0x5634648a7630_0;
    %dup/vec4;
    %pushi/vec4 3, 0, 3;
    %cmp/u;
    %jmp/1 T_4.0, 6;
    %dup/vec4;
    %pushi/vec4 2, 0, 3;
    %cmp/u;
    %jmp/1 T_4.1, 6;
    %dup/vec4;
    %pushi/vec4 1, 0, 3;
    %cmp/u;
    %jmp/1 T_4.2, 6;
    %dup/vec4;
    %pushi/vec4 5, 0, 3;
    %cmp/u;
    %jmp/1 T_4.3, 6;
    %dup/vec4;
    %pushi/vec4 6, 0, 3;
    %cmp/u;
    %jmp/1 T_4.4, 6;
    %dup/vec4;
    %pushi/vec4 7, 0, 3;
    %cmp/u;
    %jmp/1 T_4.5, 6;
    %pushi/vec4 0, 0, 32;
    %store/vec4 v0x5634648a7ae0_0, 0, 32;
    %jmp T_4.7;
T_4.0 ;
    %load/vec4 v0x5634648a6ec0_0;
    %store/vec4 v0x5634648a7ae0_0, 0, 32;
    %jmp T_4.7;
T_4.1 ;
    %load/vec4 v0x5634648a6fc0_0;
    %store/vec4 v0x5634648a7ae0_0, 0, 32;
    %jmp T_4.7;
T_4.2 ;
    %load/vec4 v0x5634648a70a0_0;
    %store/vec4 v0x5634648a7ae0_0, 0, 32;
    %jmp T_4.7;
T_4.3 ;
    %load/vec4 v0x5634648a6ec0_0;
    %store/vec4 v0x5634648a7ae0_0, 0, 32;
    %jmp T_4.7;
T_4.4 ;
    %load/vec4 v0x5634648a6fc0_0;
    %store/vec4 v0x5634648a7ae0_0, 0, 32;
    %jmp T_4.7;
T_4.5 ;
    %load/vec4 v0x5634648a70a0_0;
    %store/vec4 v0x5634648a7ae0_0, 0, 32;
    %jmp T_4.7;
T_4.7 ;
    %pop/vec4 1;
    %jmp T_4;
    .thread T_4, $push;
    .scope S_0x5634648a52a0;
T_5 ;
    %wait E_0x563464888a50;
    %load/vec4 v0x5634648a5bc0_0;
    %flag_set/vec4 8;
    %jmp/0xz  T_5.0, 8;
    %pushi/vec4 0, 0, 32;
    %store/vec4 v0x5634648a5850_0, 0, 32;
    %pushi/vec4 0, 0, 32;
    %store/vec4 v0x5634648a5930_0, 0, 32;
T_5.0 ;
    %load/vec4 v0x5634648a5580_0;
    %dup/vec4;
    %pushi/vec4 1, 0, 2;
    %cmp/u;
    %jmp/1 T_5.2, 6;
    %dup/vec4;
    %pushi/vec4 2, 0, 2;
    %cmp/u;
    %jmp/1 T_5.3, 6;
    %dup/vec4;
    %pushi/vec4 3, 0, 2;
    %cmp/u;
    %jmp/1 T_5.4, 6;
    %pushi/vec4 0, 0, 32;
    %store/vec4 v0x5634648a5f20_0, 0, 32;
    %jmp T_5.6;
T_5.2 ;
    %load/vec4 v0x5634648a5e50_0;
    %store/vec4 v0x5634648a5f20_0, 0, 32;
    %jmp T_5.6;
T_5.3 ;
    %load/vec4 v0x5634648a5e50_0;
    %inv;
    %addi 1, 0, 32;
    %store/vec4 v0x5634648a5f20_0, 0, 32;
    %jmp T_5.6;
T_5.4 ;
    %pushi/vec4 0, 0, 11;
    %load/vec4 v0x5634648a5b00_0;
    %concat/vec4; draw_concat_vec4
    %store/vec4 v0x5634648a5f20_0, 0, 32;
    %jmp T_5.6;
T_5.6 ;
    %pop/vec4 1;
    %load/vec4 v0x5634648a5cf0_0;
    %store/vec4 v0x5634648a5850_0, 0, 32;
    %load/vec4 v0x5634648a5f20_0;
    %store/vec4 v0x5634648a5930_0, 0, 32;
    %load/vec4 v0x5634648a5850_0;
    %load/vec4 v0x5634648a5930_0;
    %add;
    %store/vec4 v0x5634648a5760_0, 0, 32;
    %jmp T_5;
    .thread T_5;
    .scope S_0x5634648a5080;
T_6 ;
    %wait E_0x563464888ad0;
    %load/vec4 v0x5634648a8d10_0;
    %flag_set/vec4 8;
    %jmp/0xz  T_6.0, 8;
    %pushi/vec4 0, 0, 32;
    %store/vec4 v0x5634648a8140_0, 0, 32;
T_6.0 ;
    %load/vec4 v0x5634648a9000_0;
    %flag_set/vec4 8;
    %jmp/0xz  T_6.2, 8;
    %load/vec4 v0x5634648a8380_0;
    %store/vec4 v0x5634648a8140_0, 0, 32;
    %jmp T_6.3;
T_6.2 ;
    %load/vec4 v0x5634648a90a0_0;
    %flag_set/vec4 8;
    %jmp/0xz  T_6.4, 8;
    %load/vec4 v0x5634648a8c50_0;
    %store/vec4 v0x5634648a8140_0, 0, 32;
T_6.4 ;
T_6.3 ;
    %jmp T_6;
    .thread T_6, $push;
    .scope S_0x5634648a5080;
T_7 ;
    %wait E_0x5634647fbb20;
    %load/vec4 v0x5634648a8d10_0;
    %flag_set/vec4 8;
    %jmp/0xz  T_7.0, 8;
    %pushi/vec4 0, 0, 32;
    %assign/vec4 v0x5634648a8200_0, 0;
    %jmp T_7.1;
T_7.0 ;
    %load/vec4 v0x5634648a8140_0;
    %assign/vec4 v0x5634648a8200_0, 0;
T_7.1 ;
    %jmp T_7;
    .thread T_7;
    .scope S_0x5634648a5080;
T_8 ;
    %wait E_0x5634647fbb20;
    %load/vec4 v0x5634648a8d10_0;
    %flag_set/vec4 8;
    %jmp/0xz  T_8.0, 8;
    %pushi/vec4 0, 0, 1;
    %assign/vec4 v0x5634648a82c0_0, 0;
    %jmp T_8.1;
T_8.0 ;
    %load/vec4 v0x5634648a8db0_0;
    %assign/vec4 v0x5634648a82c0_0, 0;
T_8.1 ;
    %jmp T_8;
    .thread T_8;
    .scope S_0x5634648a2a30;
T_9 ;
    %wait E_0x5634647fbb20;
    %load/vec4 v0x5634648a3460_0;
    %flag_set/vec4 8;
    %jmp/0xz  T_9.0, 8;
    %pushi/vec4 0, 0, 5;
    %assign/vec4 v0x5634648a2ec0_0, 0;
    %jmp T_9.1;
T_9.0 ;
    %load/vec4 v0x5634648a2dd0_0;
    %assign/vec4 v0x5634648a2ec0_0, 0;
T_9.1 ;
    %jmp T_9;
    .thread T_9;
    .scope S_0x5634648a2a30;
T_10 ;
    %wait E_0x5634647fbb20;
    %load/vec4 v0x5634648a3460_0;
    %flag_set/vec4 8;
    %jmp/0xz  T_10.0, 8;
    %pushi/vec4 0, 0, 5;
    %assign/vec4 v0x5634648a2f90_0, 0;
    %jmp T_10.1;
T_10.0 ;
    %load/vec4 v0x5634648a2ec0_0;
    %assign/vec4 v0x5634648a2f90_0, 0;
T_10.1 ;
    %jmp T_10;
    .thread T_10;
    .scope S_0x5634648a2a30;
T_11 ;
    %wait E_0x563464888a50;
    %load/vec4 v0x5634648a3460_0;
    %flag_set/vec4 8;
    %jmp/0xz  T_11.0, 8;
    %pushi/vec4 0, 0, 5;
    %store/vec4 v0x5634648a3220_0, 0, 5;
    %pushi/vec4 0, 0, 32;
    %store/vec4 v0x5634648a32f0_0, 0, 32;
    %pushi/vec4 0, 0, 1;
    %store/vec4 v0x5634648a3180_0, 0, 1;
T_11.0 ;
    %load/vec4 v0x5634648a3070_0;
    %flag_set/vec4 8;
    %jmp/0xz  T_11.2, 8;
    %load/vec4 v0x5634648a2f90_0;
    %store/vec4 v0x5634648a3220_0, 0, 5;
    %load/vec4 v0x5634648a2cf0_0;
    %store/vec4 v0x5634648a32f0_0, 0, 32;
    %pushi/vec4 1, 0, 1;
    %store/vec4 v0x5634648a3180_0, 0, 1;
    %jmp T_11.3;
T_11.2 ;
    %pushi/vec4 0, 0, 1;
    %store/vec4 v0x5634648a3180_0, 0, 1;
T_11.3 ;
    %jmp T_11;
    .thread T_11;
    .scope S_0x56346489e4d0;
T_12 ;
    %wait E_0x563464888a50;
    %load/vec4 v0x5634648a0b20_0;
    %flag_set/vec4 8;
    %jmp/0xz  T_12.0, 8;
    %pushi/vec4 0, 0, 32;
    %store/vec4 v0x5634648a2750_0, 0, 32;
    %pushi/vec4 0, 0, 32;
    %store/vec4 v0x5634648a0740_0, 0, 32;
    %pushi/vec4 0, 0, 32;
    %store/vec4 v0x5634648a16e0_0, 0, 32;
    %pushi/vec4 0, 0, 32;
    %store/vec4 v0x5634648a0450_0, 0, 32;
    %pushi/vec4 0, 0, 32;
    %store/vec4 v0x5634648a1de0_0, 0, 32;
    %pushi/vec4 0, 0, 32;
    %store/vec4 v0x5634648a17c0_0, 0, 32;
    %pushi/vec4 0, 0, 32;
    %store/vec4 v0x5634648a18a0_0, 0, 32;
    %pushi/vec4 0, 0, 32;
    %store/vec4 v0x5634648a1980_0, 0, 32;
    %pushi/vec4 0, 0, 32;
    %store/vec4 v0x5634648a1a60_0, 0, 32;
    %pushi/vec4 0, 0, 32;
    %store/vec4 v0x5634648a1b40_0, 0, 32;
    %pushi/vec4 0, 0, 32;
    %store/vec4 v0x5634648a1c20_0, 0, 32;
    %pushi/vec4 0, 0, 32;
    %store/vec4 v0x5634648a1d00_0, 0, 32;
    %pushi/vec4 0, 0, 32;
    %store/vec4 v0x5634648a0bc0_0, 0, 32;
    %pushi/vec4 0, 0, 32;
    %store/vec4 v0x5634648a0c80_0, 0, 32;
    %pushi/vec4 0, 0, 32;
    %store/vec4 v0x5634648a01b0_0, 0, 32;
    %pushi/vec4 0, 0, 32;
    %store/vec4 v0x5634648a0370_0, 0, 32;
    %pushi/vec4 0, 0, 32;
    %store/vec4 v0x56346489f4f0_0, 0, 32;
    %pushi/vec4 0, 0, 32;
    %store/vec4 v0x56346489f5d0_0, 0, 32;
    %pushi/vec4 0, 0, 32;
    %store/vec4 v0x56346489f6b0_0, 0, 32;
    %pushi/vec4 0, 0, 32;
    %store/vec4 v0x56346489f790_0, 0, 32;
    %pushi/vec4 0, 0, 32;
    %store/vec4 v0x56346489f870_0, 0, 32;
    %pushi/vec4 0, 0, 32;
    %store/vec4 v0x56346489f950_0, 0, 32;
    %pushi/vec4 0, 0, 32;
    %store/vec4 v0x56346489fa30_0, 0, 32;
    %pushi/vec4 0, 0, 32;
    %store/vec4 v0x56346489fb10_0, 0, 32;
    %pushi/vec4 0, 0, 32;
    %store/vec4 v0x5634648a0f20_0, 0, 32;
    %pushi/vec4 0, 0, 32;
    %store/vec4 v0x5634648a1000_0, 0, 32;
    %pushi/vec4 0, 0, 32;
    %store/vec4 v0x5634648a10e0_0, 0, 32;
    %pushi/vec4 0, 0, 32;
    %store/vec4 v0x5634648a11c0_0, 0, 32;
    %pushi/vec4 0, 0, 32;
    %store/vec4 v0x5634648a12a0_0, 0, 32;
    %pushi/vec4 0, 0, 32;
    %store/vec4 v0x5634648a1380_0, 0, 32;
    %pushi/vec4 0, 0, 32;
    %store/vec4 v0x5634648a1460_0, 0, 32;
    %pushi/vec4 0, 0, 32;
    %store/vec4 v0x5634648a1540_0, 0, 32;
    %pushi/vec4 0, 0, 32;
    %store/vec4 v0x5634648a0d60_0, 0, 32;
    %pushi/vec4 0, 0, 32;
    %store/vec4 v0x5634648a0e40_0, 0, 32;
T_12.0 ;
    %load/vec4 v0x5634648a08e0_0;
    %flag_set/vec4 8;
    %jmp/0xz  T_12.2, 8;
    %load/vec4 v0x56346489fbf0_0;
    %dup/vec4;
    %pushi/vec4 0, 0, 5;
    %cmp/u;
    %jmp/1 T_12.4, 6;
    %dup/vec4;
    %pushi/vec4 1, 0, 5;
    %cmp/u;
    %jmp/1 T_12.5, 6;
    %dup/vec4;
    %pushi/vec4 2, 0, 5;
    %cmp/u;
    %jmp/1 T_12.6, 6;
    %dup/vec4;
    %pushi/vec4 3, 0, 5;
    %cmp/u;
    %jmp/1 T_12.7, 6;
    %dup/vec4;
    %pushi/vec4 4, 0, 5;
    %cmp/u;
    %jmp/1 T_12.8, 6;
    %dup/vec4;
    %pushi/vec4 5, 0, 5;
    %cmp/u;
    %jmp/1 T_12.9, 6;
    %dup/vec4;
    %pushi/vec4 6, 0, 5;
    %cmp/u;
    %jmp/1 T_12.10, 6;
    %dup/vec4;
    %pushi/vec4 7, 0, 5;
    %cmp/u;
    %jmp/1 T_12.11, 6;
    %dup/vec4;
    %pushi/vec4 8, 0, 5;
    %cmp/u;
    %jmp/1 T_12.12, 6;
    %dup/vec4;
    %pushi/vec4 9, 0, 5;
    %cmp/u;
    %jmp/1 T_12.13, 6;
    %dup/vec4;
    %pushi/vec4 10, 0, 5;
    %cmp/u;
    %jmp/1 T_12.14, 6;
    %dup/vec4;
    %pushi/vec4 11, 0, 5;
    %cmp/u;
    %jmp/1 T_12.15, 6;
    %dup/vec4;
    %pushi/vec4 12, 0, 5;
    %cmp/u;
    %jmp/1 T_12.16, 6;
    %dup/vec4;
    %pushi/vec4 13, 0, 5;
    %cmp/u;
    %jmp/1 T_12.17, 6;
    %dup/vec4;
    %pushi/vec4 14, 0, 5;
    %cmp/u;
    %jmp/1 T_12.18, 6;
    %dup/vec4;
    %pushi/vec4 15, 0, 5;
    %cmp/u;
    %jmp/1 T_12.19, 6;
    %dup/vec4;
    %pushi/vec4 16, 0, 5;
    %cmp/u;
    %jmp/1 T_12.20, 6;
    %dup/vec4;
    %pushi/vec4 17, 0, 5;
    %cmp/u;
    %jmp/1 T_12.21, 6;
    %dup/vec4;
    %pushi/vec4 18, 0, 5;
    %cmp/u;
    %jmp/1 T_12.22, 6;
    %dup/vec4;
    %pushi/vec4 19, 0, 5;
    %cmp/u;
    %jmp/1 T_12.23, 6;
    %dup/vec4;
    %pushi/vec4 20, 0, 5;
    %cmp/u;
    %jmp/1 T_12.24, 6;
    %dup/vec4;
    %pushi/vec4 21, 0, 5;
    %cmp/u;
    %jmp/1 T_12.25, 6;
    %dup/vec4;
    %pushi/vec4 22, 0, 5;
    %cmp/u;
    %jmp/1 T_12.26, 6;
    %dup/vec4;
    %pushi/vec4 23, 0, 5;
    %cmp/u;
    %jmp/1 T_12.27, 6;
    %dup/vec4;
    %pushi/vec4 24, 0, 5;
    %cmp/u;
    %jmp/1 T_12.28, 6;
    %dup/vec4;
    %pushi/vec4 25, 0, 5;
    %cmp/u;
    %jmp/1 T_12.29, 6;
    %dup/vec4;
    %pushi/vec4 26, 0, 5;
    %cmp/u;
    %jmp/1 T_12.30, 6;
    %dup/vec4;
    %pushi/vec4 27, 0, 5;
    %cmp/u;
    %jmp/1 T_12.31, 6;
    %dup/vec4;
    %pushi/vec4 28, 0, 5;
    %cmp/u;
    %jmp/1 T_12.32, 6;
    %dup/vec4;
    %pushi/vec4 29, 0, 5;
    %cmp/u;
    %jmp/1 T_12.33, 6;
    %dup/vec4;
    %pushi/vec4 30, 0, 5;
    %cmp/u;
    %jmp/1 T_12.34, 6;
    %dup/vec4;
    %pushi/vec4 31, 0, 5;
    %cmp/u;
    %jmp/1 T_12.35, 6;
    %pushi/vec4 0, 0, 32;
    %store/vec4 v0x5634648a01b0_0, 0, 32;
    %jmp T_12.37;
T_12.4 ;
    %load/vec4 v0x5634648a2750_0;
    %store/vec4 v0x5634648a01b0_0, 0, 32;
    %jmp T_12.37;
T_12.5 ;
    %load/vec4 v0x5634648a0740_0;
    %store/vec4 v0x5634648a01b0_0, 0, 32;
    %jmp T_12.37;
T_12.6 ;
    %load/vec4 v0x5634648a16e0_0;
    %store/vec4 v0x5634648a01b0_0, 0, 32;
    %jmp T_12.37;
T_12.7 ;
    %load/vec4 v0x5634648a0450_0;
    %store/vec4 v0x5634648a01b0_0, 0, 32;
    %jmp T_12.37;
T_12.8 ;
    %load/vec4 v0x5634648a1de0_0;
    %store/vec4 v0x5634648a01b0_0, 0, 32;
    %jmp T_12.37;
T_12.9 ;
    %load/vec4 v0x5634648a17c0_0;
    %store/vec4 v0x5634648a01b0_0, 0, 32;
    %jmp T_12.37;
T_12.10 ;
    %load/vec4 v0x5634648a18a0_0;
    %store/vec4 v0x5634648a01b0_0, 0, 32;
    %jmp T_12.37;
T_12.11 ;
    %load/vec4 v0x5634648a1980_0;
    %store/vec4 v0x5634648a01b0_0, 0, 32;
    %jmp T_12.37;
T_12.12 ;
    %load/vec4 v0x5634648a0bc0_0;
    %store/vec4 v0x5634648a01b0_0, 0, 32;
    %jmp T_12.37;
T_12.13 ;
    %load/vec4 v0x5634648a0c80_0;
    %store/vec4 v0x5634648a01b0_0, 0, 32;
    %jmp T_12.37;
T_12.14 ;
    %load/vec4 v0x56346489f4f0_0;
    %store/vec4 v0x5634648a01b0_0, 0, 32;
    %jmp T_12.37;
T_12.15 ;
    %load/vec4 v0x56346489f5d0_0;
    %store/vec4 v0x5634648a01b0_0, 0, 32;
    %jmp T_12.37;
T_12.16 ;
    %load/vec4 v0x56346489f6b0_0;
    %store/vec4 v0x5634648a01b0_0, 0, 32;
    %jmp T_12.37;
T_12.17 ;
    %load/vec4 v0x56346489f790_0;
    %store/vec4 v0x5634648a01b0_0, 0, 32;
    %jmp T_12.37;
T_12.18 ;
    %load/vec4 v0x56346489f870_0;
    %store/vec4 v0x5634648a01b0_0, 0, 32;
    %jmp T_12.37;
T_12.19 ;
    %load/vec4 v0x56346489f950_0;
    %store/vec4 v0x5634648a01b0_0, 0, 32;
    %jmp T_12.37;
T_12.20 ;
    %load/vec4 v0x56346489fa30_0;
    %store/vec4 v0x5634648a01b0_0, 0, 32;
    %jmp T_12.37;
T_12.21 ;
    %load/vec4 v0x56346489fb10_0;
    %store/vec4 v0x5634648a01b0_0, 0, 32;
    %jmp T_12.37;
T_12.22 ;
    %load/vec4 v0x5634648a0f20_0;
    %store/vec4 v0x5634648a01b0_0, 0, 32;
    %jmp T_12.37;
T_12.23 ;
    %load/vec4 v0x5634648a1000_0;
    %store/vec4 v0x5634648a01b0_0, 0, 32;
    %jmp T_12.37;
T_12.24 ;
    %load/vec4 v0x5634648a10e0_0;
    %store/vec4 v0x5634648a01b0_0, 0, 32;
    %jmp T_12.37;
T_12.25 ;
    %load/vec4 v0x5634648a11c0_0;
    %store/vec4 v0x5634648a01b0_0, 0, 32;
    %jmp T_12.37;
T_12.26 ;
    %load/vec4 v0x5634648a12a0_0;
    %store/vec4 v0x5634648a01b0_0, 0, 32;
    %jmp T_12.37;
T_12.27 ;
    %load/vec4 v0x5634648a1380_0;
    %store/vec4 v0x5634648a01b0_0, 0, 32;
    %jmp T_12.37;
T_12.28 ;
    %load/vec4 v0x5634648a1460_0;
    %store/vec4 v0x5634648a01b0_0, 0, 32;
    %jmp T_12.37;
T_12.29 ;
    %load/vec4 v0x5634648a1540_0;
    %store/vec4 v0x5634648a01b0_0, 0, 32;
    %jmp T_12.37;
T_12.30 ;
    %load/vec4 v0x5634648a0d60_0;
    %store/vec4 v0x5634648a01b0_0, 0, 32;
    %jmp T_12.37;
T_12.31 ;
    %load/vec4 v0x5634648a0e40_0;
    %store/vec4 v0x5634648a01b0_0, 0, 32;
    %jmp T_12.37;
T_12.32 ;
    %load/vec4 v0x5634648a1a60_0;
    %store/vec4 v0x5634648a01b0_0, 0, 32;
    %jmp T_12.37;
T_12.33 ;
    %load/vec4 v0x5634648a1b40_0;
    %store/vec4 v0x5634648a01b0_0, 0, 32;
    %jmp T_12.37;
T_12.34 ;
    %load/vec4 v0x5634648a1c20_0;
    %store/vec4 v0x5634648a01b0_0, 0, 32;
    %jmp T_12.37;
T_12.35 ;
    %load/vec4 v0x5634648a1d00_0;
    %store/vec4 v0x5634648a01b0_0, 0, 32;
    %jmp T_12.37;
T_12.37 ;
    %pop/vec4 1;
T_12.2 ;
    %load/vec4 v0x5634648a0a60_0;
    %flag_set/vec4 8;
    %jmp/0xz  T_12.38, 8;
    %load/vec4 v0x56346489fcd0_0;
    %dup/vec4;
    %pushi/vec4 0, 0, 5;
    %cmp/u;
    %jmp/1 T_12.40, 6;
    %dup/vec4;
    %pushi/vec4 1, 0, 5;
    %cmp/u;
    %jmp/1 T_12.41, 6;
    %dup/vec4;
    %pushi/vec4 2, 0, 5;
    %cmp/u;
    %jmp/1 T_12.42, 6;
    %dup/vec4;
    %pushi/vec4 3, 0, 5;
    %cmp/u;
    %jmp/1 T_12.43, 6;
    %dup/vec4;
    %pushi/vec4 3, 0, 5;
    %cmp/u;
    %jmp/1 T_12.44, 6;
    %dup/vec4;
    %pushi/vec4 4, 0, 5;
    %cmp/u;
    %jmp/1 T_12.45, 6;
    %dup/vec4;
    %pushi/vec4 5, 0, 5;
    %cmp/u;
    %jmp/1 T_12.46, 6;
    %dup/vec4;
    %pushi/vec4 6, 0, 5;
    %cmp/u;
    %jmp/1 T_12.47, 6;
    %dup/vec4;
    %pushi/vec4 7, 0, 5;
    %cmp/u;
    %jmp/1 T_12.48, 6;
    %dup/vec4;
    %pushi/vec4 8, 0, 5;
    %cmp/u;
    %jmp/1 T_12.49, 6;
    %dup/vec4;
    %pushi/vec4 9, 0, 5;
    %cmp/u;
    %jmp/1 T_12.50, 6;
    %dup/vec4;
    %pushi/vec4 10, 0, 5;
    %cmp/u;
    %jmp/1 T_12.51, 6;
    %dup/vec4;
    %pushi/vec4 11, 0, 5;
    %cmp/u;
    %jmp/1 T_12.52, 6;
    %dup/vec4;
    %pushi/vec4 12, 0, 5;
    %cmp/u;
    %jmp/1 T_12.53, 6;
    %dup/vec4;
    %pushi/vec4 13, 0, 5;
    %cmp/u;
    %jmp/1 T_12.54, 6;
    %dup/vec4;
    %pushi/vec4 14, 0, 5;
    %cmp/u;
    %jmp/1 T_12.55, 6;
    %dup/vec4;
    %pushi/vec4 15, 0, 5;
    %cmp/u;
    %jmp/1 T_12.56, 6;
    %dup/vec4;
    %pushi/vec4 16, 0, 5;
    %cmp/u;
    %jmp/1 T_12.57, 6;
    %dup/vec4;
    %pushi/vec4 17, 0, 5;
    %cmp/u;
    %jmp/1 T_12.58, 6;
    %dup/vec4;
    %pushi/vec4 18, 0, 5;
    %cmp/u;
    %jmp/1 T_12.59, 6;
    %dup/vec4;
    %pushi/vec4 19, 0, 5;
    %cmp/u;
    %jmp/1 T_12.60, 6;
    %dup/vec4;
    %pushi/vec4 20, 0, 5;
    %cmp/u;
    %jmp/1 T_12.61, 6;
    %dup/vec4;
    %pushi/vec4 21, 0, 5;
    %cmp/u;
    %jmp/1 T_12.62, 6;
    %dup/vec4;
    %pushi/vec4 22, 0, 5;
    %cmp/u;
    %jmp/1 T_12.63, 6;
    %dup/vec4;
    %pushi/vec4 23, 0, 5;
    %cmp/u;
    %jmp/1 T_12.64, 6;
    %dup/vec4;
    %pushi/vec4 24, 0, 5;
    %cmp/u;
    %jmp/1 T_12.65, 6;
    %dup/vec4;
    %pushi/vec4 25, 0, 5;
    %cmp/u;
    %jmp/1 T_12.66, 6;
    %dup/vec4;
    %pushi/vec4 26, 0, 5;
    %cmp/u;
    %jmp/1 T_12.67, 6;
    %dup/vec4;
    %pushi/vec4 27, 0, 5;
    %cmp/u;
    %jmp/1 T_12.68, 6;
    %dup/vec4;
    %pushi/vec4 28, 0, 5;
    %cmp/u;
    %jmp/1 T_12.69, 6;
    %dup/vec4;
    %pushi/vec4 29, 0, 5;
    %cmp/u;
    %jmp/1 T_12.70, 6;
    %dup/vec4;
    %pushi/vec4 30, 0, 5;
    %cmp/u;
    %jmp/1 T_12.71, 6;
    %dup/vec4;
    %pushi/vec4 31, 0, 5;
    %cmp/u;
    %jmp/1 T_12.72, 6;
    %pushi/vec4 0, 0, 32;
    %store/vec4 v0x5634648a0370_0, 0, 32;
    %jmp T_12.74;
T_12.40 ;
    %load/vec4 v0x5634648a2750_0;
    %store/vec4 v0x5634648a0370_0, 0, 32;
    %jmp T_12.74;
T_12.41 ;
    %load/vec4 v0x5634648a0740_0;
    %store/vec4 v0x5634648a0370_0, 0, 32;
    %jmp T_12.74;
T_12.42 ;
    %load/vec4 v0x5634648a16e0_0;
    %store/vec4 v0x5634648a0370_0, 0, 32;
    %jmp T_12.74;
T_12.43 ;
    %load/vec4 v0x5634648a0450_0;
    %store/vec4 v0x5634648a0370_0, 0, 32;
    %jmp T_12.74;
T_12.44 ;
    %load/vec4 v0x5634648a0450_0;
    %store/vec4 v0x5634648a0370_0, 0, 32;
    %jmp T_12.74;
T_12.45 ;
    %load/vec4 v0x5634648a1de0_0;
    %store/vec4 v0x5634648a0370_0, 0, 32;
    %jmp T_12.74;
T_12.46 ;
    %load/vec4 v0x5634648a17c0_0;
    %store/vec4 v0x5634648a0370_0, 0, 32;
    %jmp T_12.74;
T_12.47 ;
    %load/vec4 v0x5634648a18a0_0;
    %store/vec4 v0x5634648a0370_0, 0, 32;
    %jmp T_12.74;
T_12.48 ;
    %load/vec4 v0x5634648a1980_0;
    %store/vec4 v0x5634648a0370_0, 0, 32;
    %jmp T_12.74;
T_12.49 ;
    %load/vec4 v0x5634648a0bc0_0;
    %store/vec4 v0x5634648a0370_0, 0, 32;
    %jmp T_12.74;
T_12.50 ;
    %load/vec4 v0x5634648a0c80_0;
    %store/vec4 v0x5634648a0370_0, 0, 32;
    %jmp T_12.74;
T_12.51 ;
    %load/vec4 v0x56346489f4f0_0;
    %store/vec4 v0x5634648a0370_0, 0, 32;
    %jmp T_12.74;
T_12.52 ;
    %load/vec4 v0x56346489f5d0_0;
    %store/vec4 v0x5634648a0370_0, 0, 32;
    %jmp T_12.74;
T_12.53 ;
    %load/vec4 v0x56346489f6b0_0;
    %store/vec4 v0x5634648a0370_0, 0, 32;
    %jmp T_12.74;
T_12.54 ;
    %load/vec4 v0x56346489f790_0;
    %store/vec4 v0x5634648a0370_0, 0, 32;
    %jmp T_12.74;
T_12.55 ;
    %load/vec4 v0x56346489f870_0;
    %store/vec4 v0x5634648a0370_0, 0, 32;
    %jmp T_12.74;
T_12.56 ;
    %load/vec4 v0x56346489f950_0;
    %store/vec4 v0x5634648a0370_0, 0, 32;
    %jmp T_12.74;
T_12.57 ;
    %load/vec4 v0x56346489fa30_0;
    %store/vec4 v0x5634648a0370_0, 0, 32;
    %jmp T_12.74;
T_12.58 ;
    %load/vec4 v0x56346489fb10_0;
    %store/vec4 v0x5634648a0370_0, 0, 32;
    %jmp T_12.74;
T_12.59 ;
    %load/vec4 v0x5634648a0f20_0;
    %store/vec4 v0x5634648a0370_0, 0, 32;
    %jmp T_12.74;
T_12.60 ;
    %load/vec4 v0x5634648a1000_0;
    %store/vec4 v0x5634648a0370_0, 0, 32;
    %jmp T_12.74;
T_12.61 ;
    %load/vec4 v0x5634648a10e0_0;
    %store/vec4 v0x5634648a0370_0, 0, 32;
    %jmp T_12.74;
T_12.62 ;
    %load/vec4 v0x5634648a11c0_0;
    %store/vec4 v0x5634648a0370_0, 0, 32;
    %jmp T_12.74;
T_12.63 ;
    %load/vec4 v0x5634648a12a0_0;
    %store/vec4 v0x5634648a0370_0, 0, 32;
    %jmp T_12.74;
T_12.64 ;
    %load/vec4 v0x5634648a1380_0;
    %store/vec4 v0x5634648a0370_0, 0, 32;
    %jmp T_12.74;
T_12.65 ;
    %load/vec4 v0x5634648a1460_0;
    %store/vec4 v0x5634648a0370_0, 0, 32;
    %jmp T_12.74;
T_12.66 ;
    %load/vec4 v0x5634648a1540_0;
    %store/vec4 v0x5634648a0370_0, 0, 32;
    %jmp T_12.74;
T_12.67 ;
    %load/vec4 v0x5634648a0d60_0;
    %store/vec4 v0x5634648a0370_0, 0, 32;
    %jmp T_12.74;
T_12.68 ;
    %load/vec4 v0x5634648a0e40_0;
    %store/vec4 v0x5634648a0370_0, 0, 32;
    %jmp T_12.74;
T_12.69 ;
    %load/vec4 v0x5634648a1a60_0;
    %store/vec4 v0x5634648a0370_0, 0, 32;
    %jmp T_12.74;
T_12.70 ;
    %load/vec4 v0x5634648a1b40_0;
    %store/vec4 v0x5634648a0370_0, 0, 32;
    %jmp T_12.74;
T_12.71 ;
    %load/vec4 v0x5634648a1c20_0;
    %store/vec4 v0x5634648a0370_0, 0, 32;
    %jmp T_12.74;
T_12.72 ;
    %load/vec4 v0x5634648a1d00_0;
    %store/vec4 v0x5634648a0370_0, 0, 32;
    %jmp T_12.74;
T_12.74 ;
    %pop/vec4 1;
T_12.38 ;
    %load/vec4 v0x5634648a25d0_0;
    %flag_set/vec4 8;
    %jmp/0xz  T_12.75, 8;
    %load/vec4 v0x56346489fdb0_0;
    %dup/vec4;
    %pushi/vec4 0, 0, 5;
    %cmp/u;
    %jmp/1 T_12.77, 6;
    %dup/vec4;
    %pushi/vec4 1, 0, 5;
    %cmp/u;
    %jmp/1 T_12.78, 6;
    %dup/vec4;
    %pushi/vec4 2, 0, 5;
    %cmp/u;
    %jmp/1 T_12.79, 6;
    %dup/vec4;
    %pushi/vec4 3, 0, 5;
    %cmp/u;
    %jmp/1 T_12.80, 6;
    %dup/vec4;
    %pushi/vec4 4, 0, 5;
    %cmp/u;
    %jmp/1 T_12.81, 6;
    %dup/vec4;
    %pushi/vec4 5, 0, 5;
    %cmp/u;
    %jmp/1 T_12.82, 6;
    %dup/vec4;
    %pushi/vec4 6, 0, 5;
    %cmp/u;
    %jmp/1 T_12.83, 6;
    %dup/vec4;
    %pushi/vec4 7, 0, 5;
    %cmp/u;
    %jmp/1 T_12.84, 6;
    %dup/vec4;
    %pushi/vec4 8, 0, 5;
    %cmp/u;
    %jmp/1 T_12.85, 6;
    %dup/vec4;
    %pushi/vec4 9, 0, 5;
    %cmp/u;
    %jmp/1 T_12.86, 6;
    %dup/vec4;
    %pushi/vec4 10, 0, 5;
    %cmp/u;
    %jmp/1 T_12.87, 6;
    %dup/vec4;
    %pushi/vec4 11, 0, 5;
    %cmp/u;
    %jmp/1 T_12.88, 6;
    %dup/vec4;
    %pushi/vec4 12, 0, 5;
    %cmp/u;
    %jmp/1 T_12.89, 6;
    %dup/vec4;
    %pushi/vec4 13, 0, 5;
    %cmp/u;
    %jmp/1 T_12.90, 6;
    %dup/vec4;
    %pushi/vec4 14, 0, 5;
    %cmp/u;
    %jmp/1 T_12.91, 6;
    %dup/vec4;
    %pushi/vec4 15, 0, 5;
    %cmp/u;
    %jmp/1 T_12.92, 6;
    %dup/vec4;
    %pushi/vec4 16, 0, 5;
    %cmp/u;
    %jmp/1 T_12.93, 6;
    %dup/vec4;
    %pushi/vec4 17, 0, 5;
    %cmp/u;
    %jmp/1 T_12.94, 6;
    %dup/vec4;
    %pushi/vec4 18, 0, 5;
    %cmp/u;
    %jmp/1 T_12.95, 6;
    %dup/vec4;
    %pushi/vec4 19, 0, 5;
    %cmp/u;
    %jmp/1 T_12.96, 6;
    %dup/vec4;
    %pushi/vec4 20, 0, 5;
    %cmp/u;
    %jmp/1 T_12.97, 6;
    %dup/vec4;
    %pushi/vec4 21, 0, 5;
    %cmp/u;
    %jmp/1 T_12.98, 6;
    %dup/vec4;
    %pushi/vec4 22, 0, 5;
    %cmp/u;
    %jmp/1 T_12.99, 6;
    %dup/vec4;
    %pushi/vec4 23, 0, 5;
    %cmp/u;
    %jmp/1 T_12.100, 6;
    %dup/vec4;
    %pushi/vec4 24, 0, 5;
    %cmp/u;
    %jmp/1 T_12.101, 6;
    %dup/vec4;
    %pushi/vec4 25, 0, 5;
    %cmp/u;
    %jmp/1 T_12.102, 6;
    %dup/vec4;
    %pushi/vec4 26, 0, 5;
    %cmp/u;
    %jmp/1 T_12.103, 6;
    %dup/vec4;
    %pushi/vec4 27, 0, 5;
    %cmp/u;
    %jmp/1 T_12.104, 6;
    %dup/vec4;
    %pushi/vec4 28, 0, 5;
    %cmp/u;
    %jmp/1 T_12.105, 6;
    %dup/vec4;
    %pushi/vec4 29, 0, 5;
    %cmp/u;
    %jmp/1 T_12.106, 6;
    %dup/vec4;
    %pushi/vec4 30, 0, 5;
    %cmp/u;
    %jmp/1 T_12.107, 6;
    %dup/vec4;
    %pushi/vec4 31, 0, 5;
    %cmp/u;
    %jmp/1 T_12.108, 6;
    %jmp T_12.109;
T_12.77 ;
    %load/vec4 v0x5634648a0010_0;
    %store/vec4 v0x5634648a2750_0, 0, 32;
    %jmp T_12.109;
T_12.78 ;
    %load/vec4 v0x5634648a0010_0;
    %store/vec4 v0x5634648a0740_0, 0, 32;
    %jmp T_12.109;
T_12.79 ;
    %load/vec4 v0x5634648a0010_0;
    %store/vec4 v0x5634648a16e0_0, 0, 32;
    %jmp T_12.109;
T_12.80 ;
    %load/vec4 v0x5634648a0010_0;
    %store/vec4 v0x5634648a0450_0, 0, 32;
    %jmp T_12.109;
T_12.81 ;
    %load/vec4 v0x5634648a0010_0;
    %store/vec4 v0x5634648a1de0_0, 0, 32;
    %jmp T_12.109;
T_12.82 ;
    %load/vec4 v0x5634648a0010_0;
    %store/vec4 v0x5634648a17c0_0, 0, 32;
    %jmp T_12.109;
T_12.83 ;
    %load/vec4 v0x5634648a0010_0;
    %store/vec4 v0x5634648a18a0_0, 0, 32;
    %jmp T_12.109;
T_12.84 ;
    %load/vec4 v0x5634648a0010_0;
    %store/vec4 v0x5634648a1980_0, 0, 32;
    %jmp T_12.109;
T_12.85 ;
    %load/vec4 v0x5634648a0010_0;
    %store/vec4 v0x5634648a0bc0_0, 0, 32;
    %jmp T_12.109;
T_12.86 ;
    %load/vec4 v0x5634648a0010_0;
    %store/vec4 v0x5634648a0c80_0, 0, 32;
    %jmp T_12.109;
T_12.87 ;
    %load/vec4 v0x5634648a0010_0;
    %store/vec4 v0x56346489f4f0_0, 0, 32;
    %jmp T_12.109;
T_12.88 ;
    %load/vec4 v0x5634648a0010_0;
    %store/vec4 v0x56346489f5d0_0, 0, 32;
    %jmp T_12.109;
T_12.89 ;
    %load/vec4 v0x5634648a0010_0;
    %store/vec4 v0x56346489f6b0_0, 0, 32;
    %jmp T_12.109;
T_12.90 ;
    %load/vec4 v0x5634648a0010_0;
    %store/vec4 v0x56346489f790_0, 0, 32;
    %jmp T_12.109;
T_12.91 ;
    %load/vec4 v0x5634648a0010_0;
    %store/vec4 v0x56346489f870_0, 0, 32;
    %jmp T_12.109;
T_12.92 ;
    %load/vec4 v0x5634648a0010_0;
    %store/vec4 v0x56346489f950_0, 0, 32;
    %jmp T_12.109;
T_12.93 ;
    %load/vec4 v0x5634648a0010_0;
    %store/vec4 v0x56346489fa30_0, 0, 32;
    %jmp T_12.109;
T_12.94 ;
    %load/vec4 v0x5634648a0010_0;
    %store/vec4 v0x56346489fb10_0, 0, 32;
    %jmp T_12.109;
T_12.95 ;
    %load/vec4 v0x5634648a0010_0;
    %store/vec4 v0x5634648a0f20_0, 0, 32;
    %jmp T_12.109;
T_12.96 ;
    %load/vec4 v0x5634648a0010_0;
    %store/vec4 v0x5634648a1000_0, 0, 32;
    %jmp T_12.109;
T_12.97 ;
    %load/vec4 v0x5634648a0010_0;
    %store/vec4 v0x5634648a10e0_0, 0, 32;
    %jmp T_12.109;
T_12.98 ;
    %load/vec4 v0x5634648a0010_0;
    %store/vec4 v0x5634648a11c0_0, 0, 32;
    %jmp T_12.109;
T_12.99 ;
    %load/vec4 v0x5634648a0010_0;
    %store/vec4 v0x5634648a12a0_0, 0, 32;
    %jmp T_12.109;
T_12.100 ;
    %load/vec4 v0x5634648a0010_0;
    %store/vec4 v0x5634648a1380_0, 0, 32;
    %jmp T_12.109;
T_12.101 ;
    %load/vec4 v0x5634648a0010_0;
    %store/vec4 v0x5634648a1460_0, 0, 32;
    %jmp T_12.109;
T_12.102 ;
    %load/vec4 v0x5634648a0010_0;
    %store/vec4 v0x5634648a1540_0, 0, 32;
    %jmp T_12.109;
T_12.103 ;
    %load/vec4 v0x5634648a0010_0;
    %store/vec4 v0x5634648a0d60_0, 0, 32;
    %jmp T_12.109;
T_12.104 ;
    %load/vec4 v0x5634648a0010_0;
    %store/vec4 v0x5634648a0e40_0, 0, 32;
    %jmp T_12.109;
T_12.105 ;
    %load/vec4 v0x5634648a0010_0;
    %store/vec4 v0x5634648a1a60_0, 0, 32;
    %jmp T_12.109;
T_12.106 ;
    %load/vec4 v0x5634648a0010_0;
    %store/vec4 v0x5634648a1b40_0, 0, 32;
    %jmp T_12.109;
T_12.107 ;
    %load/vec4 v0x5634648a0010_0;
    %store/vec4 v0x5634648a1c20_0, 0, 32;
    %jmp T_12.109;
T_12.108 ;
    %load/vec4 v0x5634648a0010_0;
    %store/vec4 v0x5634648a1d00_0, 0, 32;
    %jmp T_12.109;
T_12.109 ;
    %pop/vec4 1;
T_12.75 ;
    %jmp T_12;
    .thread T_12;
    .scope S_0x56346489e4d0;
T_13 ;
    %wait E_0x563464888a50;
    %load/vec4 v0x5634648a0b20_0;
    %flag_set/vec4 8;
    %jmp/0xz  T_13.0, 8;
    %pushi/vec4 0, 0, 32;
    %store/vec4 v0x56346489eab0_0, 0, 32;
T_13.0 ;
    %load/vec4 v0x5634648a08e0_0;
    %flag_set/vec4 8;
    %jmp/0xz  T_13.2, 8;
    %load/vec4 v0x56346489eab0_0;
    %load/vec4 v0x56346489fbf0_0;
    %part/u 1;
    %store/vec4 v0x5634648a1f80_0, 0, 1;
    %jmp T_13.3;
T_13.2 ;
    %pushi/vec4 0, 0, 1;
    %store/vec4 v0x5634648a1f80_0, 0, 1;
T_13.3 ;
    %load/vec4 v0x5634648a0a60_0;
    %flag_set/vec4 8;
    %jmp/0xz  T_13.4, 8;
    %load/vec4 v0x56346489eab0_0;
    %load/vec4 v0x56346489fcd0_0;
    %part/u 1;
    %store/vec4 v0x5634648a2100_0, 0, 1;
    %jmp T_13.5;
T_13.4 ;
    %pushi/vec4 0, 0, 1;
    %store/vec4 v0x5634648a2100_0, 0, 1;
T_13.5 ;
    %load/vec4 v0x56346489fe90_0;
    %load/vec4 v0x56346489fdb0_0;
    %cmp/e;
    %flag_get/vec4 4;
    %load/vec4 v0x5634648a25d0_0;
    %and;
    %load/vec4 v0x5634648a2690_0;
    %and;
    %flag_set/vec4 8;
    %jmp/0xz  T_13.6, 8;
    %pushi/vec4 0, 0, 1;
    %ix/getv 4, v0x56346489fe90_0;
    %store/vec4 v0x56346489eab0_0, 4, 1;
    %jmp T_13.7;
T_13.6 ;
    %load/vec4 v0x5634648a25d0_0;
    %flag_set/vec4 8;
    %jmp/0xz  T_13.8, 8;
    %pushi/vec4 1, 0, 1;
    %ix/getv 4, v0x56346489fdb0_0;
    %store/vec4 v0x56346489eab0_0, 4, 1;
T_13.8 ;
    %load/vec4 v0x5634648a2690_0;
    %flag_set/vec4 8;
    %jmp/0xz  T_13.10, 8;
    %pushi/vec4 0, 0, 1;
    %ix/getv 4, v0x56346489fe90_0;
    %store/vec4 v0x56346489eab0_0, 4, 1;
T_13.10 ;
T_13.7 ;
    %jmp T_13;
    .thread T_13;
    .scope S_0x563464852560;
T_14 ;
    %wait E_0x5634647fbb20;
    %load/vec4 v0x56346489e060_0;
    %flag_set/vec4 8;
    %jmp/0xz  T_14.0, 8;
    %pushi/vec4 10486547, 0, 32;
    %ix/load 4, 0, 0;
    %flag_set/imm 4, 0;
    %store/vec4a v0x56346486f030, 4, 0;
    %pushi/vec4 20972435, 0, 32;
    %ix/load 4, 1, 0;
    %flag_set/imm 4, 0;
    %store/vec4a v0x56346486f030, 4, 0;
    %pushi/vec4 7540275, 0, 32;
    %ix/load 4, 2, 0;
    %flag_set/imm 4, 0;
    %store/vec4a v0x56346486f030, 4, 0;
    %pushi/vec4 1080266419, 0, 32;
    %ix/load 4, 3, 0;
    %flag_set/imm 4, 0;
    %store/vec4a v0x56346486f030, 4, 0;
    %pushi/vec4 31358771, 0, 32;
    %ix/load 4, 4, 0;
    %flag_set/imm 4, 0;
    %store/vec4a v0x56346486f030, 4, 0;
    %pushi/vec4 31346611, 0, 32;
    %ix/load 4, 5, 0;
    %flag_set/imm 4, 0;
    %store/vec4a v0x56346486f030, 4, 0;
    %pushi/vec4 6, 0, 32;
    %store/vec4 v0x56346489dec0_0, 0, 32;
T_14.2 ;
    %load/vec4 v0x56346489dec0_0;
    %cmpi/s 64, 0, 32;
    %jmp/0xz T_14.3, 5;
    %load/vec4 v0x56346489dec0_0;
    %ix/getv/s 4, v0x56346489dec0_0;
    %store/vec4a v0x56346486f030, 4, 0;
    %load/vec4 v0x56346489dec0_0;
    %addi 1, 0, 32;
    %store/vec4 v0x56346489dec0_0, 0, 32;
    %jmp T_14.2;
T_14.3 ;
    %pushi/vec4 0, 0, 1;
    %store/vec4 v0x56346489de00_0, 0, 1;
T_14.0 ;
    %load/vec4 v0x56346489dfa0_0;
    %load/vec4 v0x56346486f0d0_0;
    %nor/r;
    %and;
    %flag_set/vec4 8;
    %jmp/0xz  T_14.4, 8;
    %load/vec4 v0x56346486fea0_0;
    %pad/u 8;
    %ix/vec4 4;
    %load/vec4a v0x56346486f030, 4;
    %store/vec4 v0x563464887dc0_0, 0, 32;
    %pushi/vec4 1, 0, 1;
    %store/vec4 v0x56346489de00_0, 0, 1;
T_14.4 ;
    %load/vec4 v0x56346489dfa0_0;
    %load/vec4 v0x56346486f0d0_0;
    %and;
    %flag_set/vec4 8;
    %jmp/0xz  T_14.6, 8;
    %load/vec4 v0x56346486eb60_0;
    %load/vec4 v0x56346486fea0_0;
    %pad/u 8;
    %ix/vec4 4;
    %store/vec4a v0x56346486f030, 4, 0;
    %pushi/vec4 1, 0, 1;
    %store/vec4 v0x56346489de00_0, 0, 1;
T_14.6 ;
    %jmp T_14;
    .thread T_14;
    .scope S_0x5634648554c0;
T_15 ;
    %delay 10000, 0;
    %load/vec4 v0x5634648acb00_0;
    %inv;
    %store/vec4 v0x5634648acb00_0, 0, 1;
    %jmp T_15;
    .thread T_15;
    .scope S_0x5634648554c0;
T_16 ;
    %pushi/vec4 0, 0, 1;
    %store/vec4 v0x5634648acb00_0, 0, 1;
    %pushi/vec4 1, 0, 1;
    %store/vec4 v0x5634648acd20_0, 0, 1;
    %delay 50000, 0;
    %pushi/vec4 0, 0, 1;
    %store/vec4 v0x5634648acd20_0, 0, 1;
    %delay 100000, 0;
    %delay 10000000, 0;
    %vpi_call 2 67 "$finish" {0 0 0};
    %end;
    .thread T_16;
    .scope S_0x5634648554c0;
T_17 ;
    %vpi_call 2 74 "$monitor", "At time %t, clk = %b, reset = %b, addr = %h, req_valid = %b, valid_data = %b, we = %b, data = %h", $time, v0x5634648acb00_0, v0x5634648acd20_0, v0x5634648aca20_0, v0x5634648acc60_0, v0x5634648ace10_0, v0x5634648aced0_0, v0x5634648acbc0_0 {0 0 0};
    %end;
    .thread T_17;
    .scope S_0x5634648554c0;
T_18 ;
    %vpi_call 2 80 "$dumpfile", "waves.vcd" {0 0 0};
    %vpi_call 2 81 "$dumpvars", 32'sb00000000000000000000000000000000, S_0x5634648554c0 {0 0 0};
    %vpi_call 2 82 "$dumpvars", 32'sb00000000000000000000000000000001, S_0x563464883a70 {0 0 0};
    %end;
    .thread T_18;
# The file index is used to find the file name in the following table.
:file_names 14;
    "N/A";
    "<interactive>";
    "soc_tb.sv";
    "Soc.v";
    "./Mem_top.v";
    "./cpu_top.v";
    "./Registers_ISA.v";
    "./WriteBack.v";
    "./Decode.v";
    "./execution.v";
    "./Adder_int.v";
    "./Alu_ctrl.v";
    "./logical_unit.v";
    "./Fetch.v";
