#! /usr/bin/vvp
:ivl_version "10.3 (stable)";
:ivl_delay_selection "TYPICAL";
:vpi_time_precision - 12;
:vpi_module "system";
:vpi_module "vhdl_sys";
:vpi_module "v2005_math";
:vpi_module "va_math";
S_0x5587e9914ac0 .scope module, "tb_execution_unit" "tb_execution_unit" 2 8;
 .timescale -9 -12;
o0x7f2fb640c9a8 .functor BUFZ 32, C4<zzzzzzzzzzzzzzzzzzzzzzzzzzzzzzzz>; HiZ drive
v0x5587e9936d60_0 .net "Execution_Result", 31 0, o0x7f2fb640c9a8;  0 drivers
v0x5587e9936e70_0 .net "Result_valid", 0 0, v0x5587e9935dd0_0;  1 drivers
v0x5587e9936f40_0 .var "clk", 0 0;
v0x5587e9937010_0 .var "data_src1", 31 0;
v0x5587e99370b0_0 .var "data_src2", 31 0;
v0x5587e9937150_0 .var "funct3", 2 0;
v0x5587e9937240_0 .var "funct7", 6 0;
v0x5587e9937350_0 .var "immediate", 20 0;
v0x5587e9937410_0 .var "instruction_type", 6 0;
v0x5587e9937560_0 .var "reset", 0 0;
v0x5587e9937690_0 .var "system_stall", 0 0;
S_0x5587e9914c40 .scope module, "uut" "execution" 2 26, 3 36 0, S_0x5587e9914ac0;
 .timescale 0 0;
    .port_info 0 /INPUT 7 "instruction_type"
    .port_info 1 /INPUT 3 "funct3"
    .port_info 2 /INPUT 7 "funct7"
    .port_info 3 /INPUT 21 "immediate"
    .port_info 4 /INPUT 1 "system_stall"
    .port_info 5 /INPUT 32 "data_src1"
    .port_info 6 /INPUT 32 "data_src2"
    .port_info 7 /OUTPUT 32 "Execution_Result"
    .port_info 8 /OUTPUT 1 "Result_valid"
    .port_info 9 /INPUT 1 "clk"
    .port_info 10 /INPUT 1 "reset"
L_0x5587e9947d80 .functor OR 1, v0x5587e9934720_0, v0x5587e99347c0_0, C4<0>, C4<0>;
v0x5587e9935a70_0 .net "Execution_Result", 31 0, o0x7f2fb640c9a8;  alias, 0 drivers
v0x5587e9935b70_0 .var "Execution_Result_exe01", 31 0;
v0x5587e9935c50_0 .var "Execution_Result_exe02", 31 0;
v0x5587e9935d10_0 .net "Execution_result", 0 0, L_0x5587e9947e90;  1 drivers
v0x5587e9935dd0_0 .var "Result_valid", 0 0;
v0x5587e9935ee0_0 .net "add_value_exe01", 31 0, L_0x5587e9947cc0;  1 drivers
v0x5587e9935fa0_0 .net "clk", 0 0, v0x5587e9936f40_0;  1 drivers
v0x5587e9936040_0 .net "ctrl_adder", 1 0, v0x5587e9934250_0;  1 drivers
v0x5587e9936130_0 .net "ctrl_logic", 2 0, v0x5587e99342f0_0;  1 drivers
v0x5587e99361f0_0 .net "data_src1", 31 0, v0x5587e9937010_0;  1 drivers
v0x5587e9936300_0 .net "data_src2", 31 0, v0x5587e99370b0_0;  1 drivers
v0x5587e9936410_0 .net "funct3", 2 0, v0x5587e9937150_0;  1 drivers
v0x5587e99364d0_0 .net "funct7", 6 0, v0x5587e9937240_0;  1 drivers
v0x5587e9936570_0 .net "immediate", 20 0, v0x5587e9937350_0;  1 drivers
v0x5587e9936660_0 .net "instruction_type", 6 0, v0x5587e9937410_0;  1 drivers
v0x5587e9936720_0 .net "logical_value_exe01", 31 0, L_0x5587e9947bd0;  1 drivers
v0x5587e99367c0_0 .net "reset", 0 0, v0x5587e9937560_0;  1 drivers
v0x5587e9936970_0 .net "result_valid_exe01", 0 0, L_0x5587e9947d80;  1 drivers
v0x5587e9936a10_0 .net "system_stall", 0 0, v0x5587e9937690_0;  1 drivers
v0x5587e9936ad0_0 .net "uop_is_add", 0 0, v0x5587e9934720_0;  1 drivers
v0x5587e9936b70_0 .net "uop_is_logic", 0 0, v0x5587e99347c0_0;  1 drivers
E_0x5587e98fbb10 .event posedge, v0x5587e9933b80_0, v0x5587e99131c0_0;
E_0x5587e98fbfc0 .event edge, v0x5587e9934720_0, v0x5587e98e9fe0_0, v0x5587e99347c0_0, v0x5587e99355b0_0;
L_0x5587e9947e90 .part v0x5587e9935c50_0, 0, 1;
S_0x5587e98b6170 .scope module, "u_Adder_int" "Adder_int" 3 94, 4 12 0, S_0x5587e9914c40;
 .timescale 0 0;
    .port_info 0 /INPUT 1 "clk"
    .port_info 1 /INPUT 1 "reset"
    .port_info 2 /INPUT 2 "add_type"
    .port_info 3 /INPUT 32 "src1"
    .port_info 4 /INPUT 32 "src2"
    .port_info 5 /INPUT 21 "immediate"
    .port_info 6 /OUTPUT 32 "add_value"
L_0x5587e9947cc0 .functor BUFZ 32, v0x5587e98e5e50_0, C4<00000000000000000000000000000000>, C4<00000000000000000000000000000000>, C4<00000000000000000000000000000000>;
v0x5587e98e9f40_0 .net "add_type", 1 0, v0x5587e9934250_0;  alias, 1 drivers
v0x5587e98e9fe0_0 .net "add_value", 31 0, L_0x5587e9947cc0;  alias, 1 drivers
v0x5587e98e5e50_0 .var "add_value_reg", 31 0;
v0x5587e98e2a50_0 .var "adder_src1", 31 0;
v0x5587e9913120_0 .var "adder_src2", 31 0;
v0x5587e99131c0_0 .net "clk", 0 0, v0x5587e9936f40_0;  alias, 1 drivers
v0x5587e9933aa0_0 .net "immediate", 20 0, v0x5587e9937350_0;  alias, 1 drivers
v0x5587e9933b80_0 .net "reset", 0 0, v0x5587e9937560_0;  alias, 1 drivers
v0x5587e9933c40_0 .net "src1", 31 0, v0x5587e9937010_0;  alias, 1 drivers
v0x5587e9933d20_0 .net "src2", 31 0, v0x5587e99370b0_0;  alias, 1 drivers
v0x5587e9933e00_0 .var "src2_inp", 31 0;
E_0x5587e98fc8b0 .event posedge, v0x5587e99131c0_0;
S_0x5587e9933fc0 .scope module, "u_Alu_ctrl" "Alu_ctrl" 3 68, 5 7 0, S_0x5587e9914c40;
 .timescale 0 0;
    .port_info 0 /INPUT 7 "instruction_type"
    .port_info 1 /INPUT 3 "funct3"
    .port_info 2 /INPUT 7 "funct7"
    .port_info 3 /INPUT 1 "clk"
    .port_info 4 /INPUT 1 "reset"
    .port_info 5 /OUTPUT 2 "ctrl_adder"
    .port_info 6 /OUTPUT 1 "uop_is_add"
    .port_info 7 /OUTPUT 3 "ctrl_logic"
    .port_info 8 /OUTPUT 1 "uop_is_logic"
v0x5587e99341b0_0 .net "clk", 0 0, v0x5587e9936f40_0;  alias, 1 drivers
v0x5587e9934250_0 .var "ctrl_adder", 1 0;
v0x5587e99342f0_0 .var "ctrl_logic", 2 0;
v0x5587e9934390_0 .net "funct3", 2 0, v0x5587e9937150_0;  alias, 1 drivers
v0x5587e9934470_0 .net "funct7", 6 0, v0x5587e9937240_0;  alias, 1 drivers
v0x5587e99345a0_0 .net "instruction_type", 6 0, v0x5587e9937410_0;  alias, 1 drivers
v0x5587e9934680_0 .net "reset", 0 0, v0x5587e9937560_0;  alias, 1 drivers
v0x5587e9934720_0 .var "uop_is_add", 0 0;
v0x5587e99347c0_0 .var "uop_is_logic", 0 0;
S_0x5587e99349a0 .scope module, "u_logical_unit" "logical_unit" 3 83, 6 6 0, S_0x5587e9914c40;
 .timescale 0 0;
    .port_info 0 /INPUT 1 "clk"
    .port_info 1 /INPUT 1 "reset"
    .port_info 2 /INPUT 3 "logic_type"
    .port_info 3 /INPUT 32 "src1"
    .port_info 4 /INPUT 32 "src2"
    .port_info 5 /INPUT 21 "immediate"
    .port_info 6 /OUTPUT 32 "logical_value"
L_0x5587e9912eb0 .functor AND 32, v0x5587e9935330_0, v0x5587e99353f0_0, C4<11111111111111111111111111111111>, C4<11111111111111111111111111111111>;
L_0x5587e9912f20 .functor OR 32, v0x5587e9935330_0, v0x5587e99353f0_0, C4<00000000000000000000000000000000>, C4<00000000000000000000000000000000>;
L_0x5587e9947b60 .functor XOR 32, v0x5587e9935330_0, v0x5587e99353f0_0, C4<00000000000000000000000000000000>, C4<00000000000000000000000000000000>;
L_0x5587e9947bd0 .functor BUFZ 32, v0x5587e9935690_0, C4<00000000000000000000000000000000>, C4<00000000000000000000000000000000>, C4<00000000000000000000000000000000>;
v0x5587e9934b50_0 .net "And_result", 31 0, L_0x5587e9912eb0;  1 drivers
v0x5587e9934c50_0 .net "Or_result", 31 0, L_0x5587e9912f20;  1 drivers
v0x5587e9934d30_0 .net "Xor_result", 31 0, L_0x5587e9947b60;  1 drivers
v0x5587e9934df0_0 .net *"_s1", 0 0, L_0x5587e9937730;  1 drivers
L_0x7f2fb63c3018 .functor BUFT 1, C4<00000000000>, C4<0>, C4<0>, C4<0>;
v0x5587e9934ed0_0 .net/2u *"_s2", 10 0, L_0x7f2fb63c3018;  1 drivers
v0x5587e9935000_0 .net *"_s4", 31 0, L_0x5587e99477e0;  1 drivers
v0x5587e99350e0_0 .net "clk", 0 0, v0x5587e9936f40_0;  alias, 1 drivers
v0x5587e99351d0_0 .net "immediate", 20 0, v0x5587e9937350_0;  alias, 1 drivers
v0x5587e9935290_0 .net "logic_type", 2 0, v0x5587e99342f0_0;  alias, 1 drivers
v0x5587e9935330_0 .var "logical_src1", 31 0;
v0x5587e99353f0_0 .var "logical_src2", 31 0;
v0x5587e99354d0_0 .net "logical_src2_inp", 31 0, L_0x5587e9947930;  1 drivers
v0x5587e99355b0_0 .net "logical_value", 31 0, L_0x5587e9947bd0;  alias, 1 drivers
v0x5587e9935690_0 .var "logical_value_reg", 31 0;
v0x5587e9935770_0 .net "reset", 0 0, v0x5587e9937560_0;  alias, 1 drivers
v0x5587e9935810_0 .net "src1", 31 0, v0x5587e9937010_0;  alias, 1 drivers
v0x5587e99358d0_0 .net "src2", 31 0, v0x5587e99370b0_0;  alias, 1 drivers
E_0x5587e9914570 .event edge, v0x5587e99342f0_0, v0x5587e9934b50_0, v0x5587e9934c50_0, v0x5587e9934d30_0;
L_0x5587e9937730 .part v0x5587e99342f0_0, 2, 1;
L_0x5587e99477e0 .concat [ 21 11 0 0], v0x5587e9937350_0, L_0x7f2fb63c3018;
L_0x5587e9947930 .functor MUXZ 32, v0x5587e99370b0_0, L_0x5587e99477e0, L_0x5587e9937730, C4<>;
    .scope S_0x5587e9933fc0;
T_0 ;
    %wait E_0x5587e98fc8b0;
    %load/vec4 v0x5587e9934680_0;
    %flag_set/vec4 8;
    %jmp/0xz  T_0.0, 8;
    %pushi/vec4 0, 0, 2;
    %store/vec4 v0x5587e9934250_0, 0, 2;
    %pushi/vec4 0, 0, 3;
    %store/vec4 v0x5587e99342f0_0, 0, 3;
T_0.0 ;
    %load/vec4 v0x5587e99345a0_0;
    %pushi/vec4 51, 0, 7;
    %cmp/e;
    %flag_get/vec4 4;
    %load/vec4 v0x5587e9934390_0;
    %pushi/vec4 0, 0, 3;
    %cmp/e;
    %flag_get/vec4 4;
    %and;
    %flag_set/vec4 8;
    %jmp/0xz  T_0.2, 8;
    %pushi/vec4 1, 0, 1;
    %store/vec4 v0x5587e9934720_0, 0, 1;
    %load/vec4 v0x5587e9934470_0;
    %parti/s 1, 5, 4;
    %cmpi/e 0, 0, 1;
    %jmp/0xz  T_0.4, 4;
    %pushi/vec4 1, 0, 2;
    %store/vec4 v0x5587e9934250_0, 0, 2;
    %jmp T_0.5;
T_0.4 ;
    %load/vec4 v0x5587e9934470_0;
    %parti/s 1, 5, 4;
    %cmpi/e 1, 0, 1;
    %jmp/0xz  T_0.6, 4;
    %pushi/vec4 2, 0, 2;
    %store/vec4 v0x5587e9934250_0, 0, 2;
T_0.6 ;
T_0.5 ;
    %jmp T_0.3;
T_0.2 ;
    %load/vec4 v0x5587e99345a0_0;
    %pushi/vec4 19, 0, 7;
    %cmp/e;
    %flag_get/vec4 4;
    %load/vec4 v0x5587e9934390_0;
    %pushi/vec4 0, 0, 3;
    %cmp/e;
    %flag_get/vec4 4;
    %and;
    %flag_set/vec4 8;
    %jmp/0xz  T_0.8, 8;
    %pushi/vec4 1, 0, 1;
    %store/vec4 v0x5587e9934720_0, 0, 1;
    %pushi/vec4 3, 0, 2;
    %store/vec4 v0x5587e9934250_0, 0, 2;
    %jmp T_0.9;
T_0.8 ;
    %pushi/vec4 0, 0, 1;
    %store/vec4 v0x5587e9934720_0, 0, 1;
    %pushi/vec4 0, 0, 2;
    %store/vec4 v0x5587e9934250_0, 0, 2;
T_0.9 ;
T_0.3 ;
    %load/vec4 v0x5587e99345a0_0;
    %cmpi/e 51, 0, 7;
    %jmp/0xz  T_0.10, 4;
    %load/vec4 v0x5587e9934390_0;
    %dup/vec4;
    %pushi/vec4 6, 0, 3;
    %cmp/u;
    %jmp/1 T_0.12, 6;
    %dup/vec4;
    %pushi/vec4 4, 0, 3;
    %cmp/u;
    %jmp/1 T_0.13, 6;
    %dup/vec4;
    %pushi/vec4 7, 0, 3;
    %cmp/u;
    %jmp/1 T_0.14, 6;
    %pushi/vec4 0, 0, 3;
    %store/vec4 v0x5587e99342f0_0, 0, 3;
    %jmp T_0.16;
T_0.12 ;
    %pushi/vec4 1, 0, 3;
    %store/vec4 v0x5587e99342f0_0, 0, 3;
    %jmp T_0.16;
T_0.13 ;
    %pushi/vec4 0, 0, 3;
    %store/vec4 v0x5587e99342f0_0, 0, 3;
    %jmp T_0.16;
T_0.14 ;
    %pushi/vec4 2, 0, 3;
    %store/vec4 v0x5587e99342f0_0, 0, 3;
    %jmp T_0.16;
T_0.16 ;
    %pop/vec4 1;
T_0.10 ;
    %load/vec4 v0x5587e99345a0_0;
    %cmpi/e 19, 0, 7;
    %jmp/0xz  T_0.17, 4;
    %load/vec4 v0x5587e9934390_0;
    %dup/vec4;
    %pushi/vec4 6, 0, 3;
    %cmp/u;
    %jmp/1 T_0.19, 6;
    %dup/vec4;
    %pushi/vec4 4, 0, 3;
    %cmp/u;
    %jmp/1 T_0.20, 6;
    %dup/vec4;
    %pushi/vec4 7, 0, 3;
    %cmp/u;
    %jmp/1 T_0.21, 6;
    %pushi/vec4 0, 0, 3;
    %store/vec4 v0x5587e99342f0_0, 0, 3;
    %jmp T_0.23;
T_0.19 ;
    %pushi/vec4 6, 0, 3;
    %store/vec4 v0x5587e99342f0_0, 0, 3;
    %jmp T_0.23;
T_0.20 ;
    %pushi/vec4 7, 0, 3;
    %store/vec4 v0x5587e99342f0_0, 0, 3;
    %jmp T_0.23;
T_0.21 ;
    %pushi/vec4 5, 0, 3;
    %store/vec4 v0x5587e99342f0_0, 0, 3;
    %jmp T_0.23;
T_0.23 ;
    %pop/vec4 1;
T_0.17 ;
    %load/vec4 v0x5587e99342f0_0;
    %or/r;
    %store/vec4 v0x5587e99347c0_0, 0, 1;
    %jmp T_0;
    .thread T_0;
    .scope S_0x5587e99349a0;
T_1 ;
    %wait E_0x5587e98fc8b0;
    %load/vec4 v0x5587e9935770_0;
    %flag_set/vec4 8;
    %jmp/0xz  T_1.0, 8;
    %pushi/vec4 0, 0, 32;
    %store/vec4 v0x5587e9935330_0, 0, 32;
    %pushi/vec4 0, 0, 32;
    %store/vec4 v0x5587e99353f0_0, 0, 32;
    %pushi/vec4 0, 0, 32;
    %store/vec4 v0x5587e9935690_0, 0, 32;
    %jmp T_1.1;
T_1.0 ;
    %load/vec4 v0x5587e9935810_0;
    %store/vec4 v0x5587e9935330_0, 0, 32;
    %load/vec4 v0x5587e99354d0_0;
    %store/vec4 v0x5587e99353f0_0, 0, 32;
T_1.1 ;
    %jmp T_1;
    .thread T_1;
    .scope S_0x5587e99349a0;
T_2 ;
    %wait E_0x5587e9914570;
    %load/vec4 v0x5587e9935290_0;
    %dup/vec4;
    %pushi/vec4 2, 0, 3;
    %cmp/u;
    %jmp/1 T_2.0, 6;
    %dup/vec4;
    %pushi/vec4 1, 0, 3;
    %cmp/u;
    %jmp/1 T_2.1, 6;
    %dup/vec4;
    %pushi/vec4 0, 0, 3;
    %cmp/u;
    %jmp/1 T_2.2, 6;
    %dup/vec4;
    %pushi/vec4 5, 0, 3;
    %cmp/u;
    %jmp/1 T_2.3, 6;
    %dup/vec4;
    %pushi/vec4 6, 0, 3;
    %cmp/u;
    %jmp/1 T_2.4, 6;
    %dup/vec4;
    %pushi/vec4 7, 0, 3;
    %cmp/u;
    %jmp/1 T_2.5, 6;
    %pushi/vec4 0, 0, 32;
    %store/vec4 v0x5587e9935690_0, 0, 32;
    %jmp T_2.7;
T_2.0 ;
    %load/vec4 v0x5587e9934b50_0;
    %store/vec4 v0x5587e9935690_0, 0, 32;
    %jmp T_2.7;
T_2.1 ;
    %load/vec4 v0x5587e9934c50_0;
    %store/vec4 v0x5587e9935690_0, 0, 32;
    %jmp T_2.7;
T_2.2 ;
    %load/vec4 v0x5587e9934d30_0;
    %store/vec4 v0x5587e9935690_0, 0, 32;
    %jmp T_2.7;
T_2.3 ;
    %load/vec4 v0x5587e9934b50_0;
    %store/vec4 v0x5587e9935690_0, 0, 32;
    %jmp T_2.7;
T_2.4 ;
    %load/vec4 v0x5587e9934c50_0;
    %store/vec4 v0x5587e9935690_0, 0, 32;
    %jmp T_2.7;
T_2.5 ;
    %load/vec4 v0x5587e9934d30_0;
    %store/vec4 v0x5587e9935690_0, 0, 32;
    %jmp T_2.7;
T_2.7 ;
    %pop/vec4 1;
    %jmp T_2;
    .thread T_2, $push;
    .scope S_0x5587e98b6170;
T_3 ;
    %wait E_0x5587e98fc8b0;
    %load/vec4 v0x5587e9933b80_0;
    %flag_set/vec4 8;
    %jmp/0xz  T_3.0, 8;
    %pushi/vec4 0, 0, 32;
    %store/vec4 v0x5587e98e2a50_0, 0, 32;
    %pushi/vec4 0, 0, 32;
    %store/vec4 v0x5587e9913120_0, 0, 32;
T_3.0 ;
    %load/vec4 v0x5587e98e9f40_0;
    %dup/vec4;
    %pushi/vec4 1, 0, 2;
    %cmp/u;
    %jmp/1 T_3.2, 6;
    %dup/vec4;
    %pushi/vec4 2, 0, 2;
    %cmp/u;
    %jmp/1 T_3.3, 6;
    %dup/vec4;
    %pushi/vec4 3, 0, 2;
    %cmp/u;
    %jmp/1 T_3.4, 6;
    %pushi/vec4 0, 0, 32;
    %store/vec4 v0x5587e9933e00_0, 0, 32;
    %jmp T_3.6;
T_3.2 ;
    %load/vec4 v0x5587e9933d20_0;
    %store/vec4 v0x5587e9933e00_0, 0, 32;
    %jmp T_3.6;
T_3.3 ;
    %load/vec4 v0x5587e9933d20_0;
    %inv;
    %addi 1, 0, 32;
    %store/vec4 v0x5587e9933e00_0, 0, 32;
    %jmp T_3.6;
T_3.4 ;
    %pushi/vec4 0, 0, 11;
    %load/vec4 v0x5587e9933aa0_0;
    %concat/vec4; draw_concat_vec4
    %store/vec4 v0x5587e9933e00_0, 0, 32;
    %jmp T_3.6;
T_3.6 ;
    %pop/vec4 1;
    %load/vec4 v0x5587e9933c40_0;
    %store/vec4 v0x5587e98e2a50_0, 0, 32;
    %load/vec4 v0x5587e9933e00_0;
    %store/vec4 v0x5587e9913120_0, 0, 32;
    %load/vec4 v0x5587e98e2a50_0;
    %load/vec4 v0x5587e9913120_0;
    %add;
    %store/vec4 v0x5587e98e5e50_0, 0, 32;
    %jmp T_3;
    .thread T_3;
    .scope S_0x5587e9914c40;
T_4 ;
    %wait E_0x5587e98fbfc0;
    %load/vec4 v0x5587e9936ad0_0;
    %flag_set/vec4 8;
    %jmp/0xz  T_4.0, 8;
    %load/vec4 v0x5587e9935ee0_0;
    %store/vec4 v0x5587e9935b70_0, 0, 32;
    %jmp T_4.1;
T_4.0 ;
    %load/vec4 v0x5587e9936b70_0;
    %flag_set/vec4 8;
    %jmp/0xz  T_4.2, 8;
    %load/vec4 v0x5587e9936720_0;
    %store/vec4 v0x5587e9935b70_0, 0, 32;
T_4.2 ;
T_4.1 ;
    %jmp T_4;
    .thread T_4, $push;
    .scope S_0x5587e9914c40;
T_5 ;
    %wait E_0x5587e98fbb10;
    %load/vec4 v0x5587e99367c0_0;
    %flag_set/vec4 8;
    %jmp/0xz  T_5.0, 8;
    %pushi/vec4 0, 0, 32;
    %assign/vec4 v0x5587e9935c50_0, 0;
    %jmp T_5.1;
T_5.0 ;
    %load/vec4 v0x5587e9935b70_0;
    %assign/vec4 v0x5587e9935c50_0, 0;
T_5.1 ;
    %jmp T_5;
    .thread T_5;
    .scope S_0x5587e9914c40;
T_6 ;
    %wait E_0x5587e98fbb10;
    %load/vec4 v0x5587e99367c0_0;
    %flag_set/vec4 8;
    %jmp/0xz  T_6.0, 8;
    %pushi/vec4 0, 0, 1;
    %assign/vec4 v0x5587e9935dd0_0, 0;
    %jmp T_6.1;
T_6.0 ;
    %load/vec4 v0x5587e9936970_0;
    %assign/vec4 v0x5587e9935dd0_0, 0;
T_6.1 ;
    %jmp T_6;
    .thread T_6;
    .scope S_0x5587e9914ac0;
T_7 ;
    %pushi/vec4 0, 0, 1;
    %store/vec4 v0x5587e9936f40_0, 0, 1;
T_7.0 ;
    %delay 10000, 0;
    %load/vec4 v0x5587e9936f40_0;
    %inv;
    %store/vec4 v0x5587e9936f40_0, 0, 1;
    %jmp T_7.0;
    %end;
    .thread T_7;
    .scope S_0x5587e9914ac0;
T_8 ;
    %pushi/vec4 1, 0, 1;
    %store/vec4 v0x5587e9937560_0, 0, 1;
    %pushi/vec4 0, 0, 7;
    %store/vec4 v0x5587e9937410_0, 0, 7;
    %pushi/vec4 0, 0, 3;
    %store/vec4 v0x5587e9937150_0, 0, 3;
    %pushi/vec4 0, 0, 7;
    %store/vec4 v0x5587e9937240_0, 0, 7;
    %pushi/vec4 0, 0, 21;
    %store/vec4 v0x5587e9937350_0, 0, 21;
    %pushi/vec4 0, 0, 1;
    %store/vec4 v0x5587e9937690_0, 0, 1;
    %pushi/vec4 0, 0, 32;
    %store/vec4 v0x5587e9937010_0, 0, 32;
    %pushi/vec4 0, 0, 32;
    %store/vec4 v0x5587e99370b0_0, 0, 32;
    %delay 15000, 0;
    %pushi/vec4 0, 0, 1;
    %store/vec4 v0x5587e9937560_0, 0, 1;
    %delay 15000, 0;
    %pushi/vec4 1, 0, 1;
    %store/vec4 v0x5587e9937560_0, 0, 1;
    %pushi/vec4 51, 0, 7;
    %store/vec4 v0x5587e9937410_0, 0, 7;
    %pushi/vec4 0, 0, 3;
    %store/vec4 v0x5587e9937150_0, 0, 3;
    %pushi/vec4 0, 0, 7;
    %store/vec4 v0x5587e9937240_0, 0, 7;
    %pushi/vec4 16, 0, 32;
    %store/vec4 v0x5587e9937010_0, 0, 32;
    %pushi/vec4 32, 0, 32;
    %store/vec4 v0x5587e99370b0_0, 0, 32;
    %delay 20000, 0;
    %pushi/vec4 0, 0, 3;
    %store/vec4 v0x5587e9937150_0, 0, 3;
    %pushi/vec4 32, 0, 7;
    %store/vec4 v0x5587e9937240_0, 0, 7;
    %pushi/vec4 48, 0, 32;
    %store/vec4 v0x5587e9937010_0, 0, 32;
    %pushi/vec4 16, 0, 32;
    %store/vec4 v0x5587e99370b0_0, 0, 32;
    %delay 20000, 0;
    %pushi/vec4 7, 0, 3;
    %store/vec4 v0x5587e9937150_0, 0, 3;
    %pushi/vec4 0, 0, 7;
    %store/vec4 v0x5587e9937240_0, 0, 7;
    %pushi/vec4 4294967280, 0, 32;
    %store/vec4 v0x5587e9937010_0, 0, 32;
    %pushi/vec4 252645135, 0, 32;
    %store/vec4 v0x5587e99370b0_0, 0, 32;
    %delay 20000, 0;
    %pushi/vec4 6, 0, 3;
    %store/vec4 v0x5587e9937150_0, 0, 3;
    %pushi/vec4 0, 0, 7;
    %store/vec4 v0x5587e9937240_0, 0, 7;
    %pushi/vec4 4042322160, 0, 32;
    %store/vec4 v0x5587e9937010_0, 0, 32;
    %pushi/vec4 252645135, 0, 32;
    %store/vec4 v0x5587e99370b0_0, 0, 32;
    %delay 20000, 0;
    %pushi/vec4 4, 0, 3;
    %store/vec4 v0x5587e9937150_0, 0, 3;
    %pushi/vec4 0, 0, 7;
    %store/vec4 v0x5587e9937240_0, 0, 7;
    %pushi/vec4 2863311530, 0, 32;
    %store/vec4 v0x5587e9937010_0, 0, 32;
    %pushi/vec4 1431655765, 0, 32;
    %store/vec4 v0x5587e99370b0_0, 0, 32;
    %delay 20000, 0;
    %vpi_call 2 99 "$stop" {0 0 0};
    %end;
    .thread T_8;
    .scope S_0x5587e9914ac0;
T_9 ;
    %vpi_call 2 104 "$monitor", "At time %t: instruction_type = %b, funct3 = %b, funct7 = %b, data_src1 = %h, data_src2 = %h, Execution_Result = %h, Result_valid = %b", $time, v0x5587e9937410_0, v0x5587e9937150_0, v0x5587e9937240_0, v0x5587e9937010_0, v0x5587e99370b0_0, v0x5587e9936d60_0, v0x5587e9936e70_0 {0 0 0};
    %end;
    .thread T_9;
# The file index is used to find the file name in the following table.
:file_names 7;
    "N/A";
    "<interactive>";
    "tb_execution_unit.v";
    "execution.v";
    "./Adder_int.v";
    "./Alu_ctrl.v";
    "./logical_unit.v";
