#
# An unexpected error has occurred (6)
#
Stack:
/lib/x86_64-linux-gnu/libc.so.6(+0x43090) [0x7f6bc46c6090]
/lib/x86_64-linux-gnu/libc.so.6(gsignal+0xcb) [0x7f6bc46c600b]
/lib/x86_64-linux-gnu/libc.so.6(abort+0x12b) [0x7f6bc46a5859]
/lib/x86_64-linux-gnu/libc.so.6(+0x8d266) [0x7f6bc4710266]
/lib/x86_64-linux-gnu/libc.so.6(+0x952fc) [0x7f6bc47182fc]
/lib/x86_64-linux-gnu/libc.so.6(+0x98f9c) [0x7f6bc471bf9c]
/lib/x86_64-linux-gnu/libc.so.6(+0x9ad86) [0x7f6bc471dd86]
/lib/x86_64-linux-gnu/libudev.so.1(+0x7836) [0x7f6b0126f836]
/lib/x86_64-linux-gnu/libudev.so.1(+0xf06d) [0x7f6b0127706d]
/lib/x86_64-linux-gnu/libudev.so.1(+0x134bb) [0x7f6b0127b4bb]
/lib/x86_64-linux-gnu/libudev.so.1(+0x13c64) [0x7f6b0127bc64]
/lib/x86_64-linux-gnu/libudev.so.1(+0x1b0d0) [0x7f6b012830d0]
/lib/x86_64-linux-gnu/libudev.so.1(+0x1b4bb) [0x7f6b012834bb]
/lib/x86_64-linux-gnu/libudev.so.1(udev_enumerate_scan_devices+0x277) [0x7f6b01285d67]
/tools/Xilinx/Vivado/2024.1/lib/lnx64.o/libXil_lmgr11.so(+0x12e165) [0x7f6bbcc6d165]
/tools/Xilinx/Vivado/2024.1/lib/lnx64.o/libXil_lmgr11.so(xilinxd_52bd866351b78202+0x9) [0x7f6bbcc6d5e9]
/tools/Xilinx/Vivado/2024.1/lib/lnx64.o/libXil_lmgr11.so(+0xdb467) [0x7f6bbcc1a467]
/tools/Xilinx/Vivado/2024.1/lib/lnx64.o/libXil_lmgr11.so(xilinxd_52bd862318b59a70+0x86) [0x7f6bbcc1a226]
/tools/Xilinx/Vivado/2024.1/lib/lnx64.o/libXil_lmgr11.so(+0xc879f) [0x7f6bbcc0779f]
/tools/Xilinx/Vivado/2024.1/lib/lnx64.o/libXil_lmgr11.so(xilinxd_52bd9e9e1c8e52fb+0x1b) [0x7f6bbcc1153b]
/tools/Xilinx/Vivado/2024.1/lib/lnx64.o/libXil_lmgr11.so(xilinxd_52bd700d1bd3c616+0x30) [0x7f6bbcc115d0]
/tools/Xilinx/Vivado/2024.1/lib/lnx64.o/librdi_commonxillic.so(XilReg::Utils::GetHostInfo[abi:cxx11](XilReg::Utils::HostInfoType, bool) const+0x1a0) [0x7f6bc0ebb110]
/tools/Xilinx/Vivado/2024.1/lib/lnx64.o/librdi_commonxillic.so(XilReg::Utils::GetHostInfoFormatted[abi:cxx11](XilReg::Utils::HostInfoType, bool) const+0x59) [0x7f6bc0ebe4a9]
/tools/Xilinx/Vivado/2024.1/lib/lnx64.o/librdi_commonxillic.so(XilReg::Utils::GetHostInfo[abi:cxx11]() const+0x103) [0x7f6bc0ebe763]
/tools/Xilinx/Vivado/2024.1/lib/lnx64.o/librdi_commonxillic.so(XilReg::Utils::GetRegInfo(std::__cxx11::basic_string<char, std::char_traits<char>, std::allocator<char> > const&, bool, bool)+0x96) [0x7f6bc0ec5806]
/tools/Xilinx/Vivado/2024.1/lib/lnx64.o/librdi_commonxillic.so(XilReg::Utils::GetRegInfoWebTalk(std::__cxx11::basic_string<char, std::char_traits<char>, std::allocator<char> > const&)+0x60) [0x7f6bc0ec5a30]
/tools/Xilinx/Vivado/2024.1/lib/lnx64.o/librdi_project.so(HAPRWebtalkHelper::getRegistrationId[abi:cxx11]() const+0x3d) [0x7f6ba00cc56d]
/tools/Xilinx/Vivado/2024.1/lib/lnx64.o/librdi_project.so(HAPRWebtalkHelper::HAPRWebtalkHelper(HAPRProject*, HAPRDesign*, HWEWebtalkMgr*, std::__cxx11::basic_string<char, std::char_traits<char>, std::allocator<char> > const&)+0x178) [0x7f6ba00cec68]
/tools/Xilinx/Vivado/2024.1/lib/lnx64.o/librdi_tcltasks.so(+0x1e3b345) [0x7f6bb8082345]
/tools/Xilinx/Vivado/2024.1/lib/lnx64.o/librdi_tcltasks.so(+0x1e44e97) [0x7f6bb808be97]
/tools/Xilinx/Vivado/2024.1/lib/lnx64.o/librdi_common.so(+0xd85d9f) [0x7f6bc5a32d9f]
/tools/Xilinx/Vivado/2024.1/lib/lnx64.o/libtcl8.6.so(TclNRRunCallbacks+0x47) [0x7f6bc09bc497]
/tools/Xilinx/Vivado/2024.1/lib/lnx64.o/librdi_common.so(+0xd83693) [0x7f6bc5a30693]
/tools/Xilinx/Vivado/2024.1/lib/lnx64.o/libtcl8.6.so(Tcl_ServiceEvent+0x7f) [0x7f6bc0a806df]
/tools/Xilinx/Vivado/2024.1/lib/lnx64.o/libtcl8.6.so(Tcl_DoOneEvent+0x149) [0x7f6bc0a809f9]
/tools/Xilinx/Vivado/2024.1/lib/lnx64.o/librdi_commontasks.so(+0x2bc9c7) [0x7f6bba5789c7]
/tools/Xilinx/Vivado/2024.1/lib/lnx64.o/librdi_commontasks.so(+0x2c58fe) [0x7f6bba5818fe]
/tools/Xilinx/Vivado/2024.1/lib/lnx64.o/librdi_commontasks.so(+0x2c61df) [0x7f6bba5821df]
/tools/Xilinx/Vivado/2024.1/lib/lnx64.o/librdi_common.so(+0xd85d9f) [0x7f6bc5a32d9f]
/tools/Xilinx/Vivado/2024.1/lib/lnx64.o/libtcl8.6.so(TclNRRunCallbacks+0x47) [0x7f6bc09bc497]
/tools/Xilinx/Vivado/2024.1/lib/lnx64.o/librdi_commonmain.so(+0xe6d2) [0x7f6bc4ca06d2]
/tools/Xilinx/Vivado/2024.1/lib/lnx64.o/libtcl8.6.so(Tcl_MainEx+0x1a8) [0x7f6bc0a7b038]
/tools/Xilinx/Vivado/2024.1/lib/lnx64.o/librdi_common.so(+0xdaf42b) [0x7f6bc5a5c42b]
/lib/x86_64-linux-gnu/libpthread.so.0(+0x8609) [0x7f6bc4668609]
/lib/x86_64-linux-gnu/libc.so.6(clone+0x43) [0x7f6bc47a2353]
